<?xml version="1.0" encoding="UTF-8"?>
<!-- Generated by org.testng.reporters.JUnitXMLReporter -->
<testsuite ignored="0" hostname="IN-CTJWDK3" failures="1" tests="4" name="Open Cart Home Page Test Chrome" time="23.779" errors="0" timestamp="2025-08-15T13:02:48 IST">
  <testcase classname="com.qa.test.HomePageTest" name="homePageTitleTest" time="0.048">
    <failure type="java.lang.AssertionError" message="expected [Your Stores] but found [Your Store]">
      <![CDATA[java.lang.AssertionError: expected [Your Stores] but found [Your Store]
at com.qa.test.HomePageTest.homePageTitleTest(HomePageTest.java:20)
at java.base/java.util.concurrent.Executors$RunnableAdapter.call(Executors.java:539)
at java.base/java.util.concurrent.FutureTask.run(FutureTask.java:264)
at java.base/java.util.concurrent.ThreadPoolExecutor.runWorker(ThreadPoolExecutor.java:1136)
at java.base/java.util.concurrent.ThreadPoolExecutor$Worker.run(ThreadPoolExecutor.java:635)
at java.base/java.lang.Thread.run(Thread.java:840)
... Removed 19 stack frames]]>
    </failure>
  </testcase> <!-- homePageTitleTest -->
  <testcase classname="com.qa.test.HomePageTest" name="searchText" time="0.719"/>
  <testcase classname="com.qa.test.HomePageTest" name="searchText" time="0.679"/>
  <testcase classname="com.qa.test.HomePageTest" name="searchText" time="0.49"/>
</testsuite> <!-- Open Cart Home Page Test Chrome -->
