<!DOCTYPE html PUBLIC "-//W3C//DTD XHTML 1.1//EN" "https://www.w3.org/TR/xhtml11/DTD/xhtml11.dtd">
<html xmlns="https://www.w3.org/1999/xhtml">
<head>
<meta http-equiv="content-type" content="text/html; charset=UTF-8"/>
<title>TestNG Report</title>
<style type="text/css">table {margin-bottom:10px;border-collapse:collapse;empty-cells:show}th,td {border:1px solid #009;padding:.25em .5em}th {vertical-align:bottom}td {vertical-align:top}table a {font-weight:bold}.stripe td {background-color: #E6EBF9}.num {text-align:right}.passedodd td {background-color: #3F3}.passedeven td {background-color: #0A0}.skippedodd td {background-color: #DDD}.skippedeven td {background-color: #CCC}.failedodd td,.attn {background-color: #F33}.failedeven td,.stripe .attn {background-color: #D00}.stacktrace {white-space:pre;font-family:monospace}.totop {font-size:85%;text-align:center;border-bottom:2px solid #000}.invisible {display:none}</style>
</head>
<body>
<table>
<tr><th>Test</th><th># Passed</th><th># Skipped</th><th># Retried</th><th># Failed</th><th>Time (ms)</th><th>Included Groups</th><th>Excluded Groups</th></tr>
<tr><th colspan="8">Open Cart Playwright Regression Suite</th></tr>
<tr><td><a href="#t0">Open Cart Home Page Test Chrome</a></td><td class="num">3</td><td class="num">0</td><td class="num">0</td><td class="num attn">1</td><td class="num">23,779</td><td></td><td></td></tr>
<tr class="stripe"><td><a href="#t1">Open Cart Login Page Test Firefox</a></td><td class="num">0</td><td class="num">0</td><td class="num">0</td><td class="num attn">3</td><td class="num">9,241</td><td></td><td></td></tr>
<tr><td><a href="#t2">Open Cart Home Page Test Edge</a></td><td class="num">2</td><td class="num">0</td><td class="num">0</td><td class="num attn">2</td><td class="num">12,530</td><td></td><td></td></tr>
<tr class="stripe"><td><a href="#t3">Open Cart Login Page Test Safari</a></td><td class="num">0</td><td class="num attn">3</td><td class="num">0</td><td class="num">0</td><td class="num">31,115</td><td></td><td></td></tr>
<tr><th>Total</th><th class="num">5</th><th class="num attn">3</th><th class="num">0</th><th class="num attn">6</th><th class="num">76,665</th><th colspan="2"></th></tr>
</table>
<table id='summary'><thead><tr><th>Class</th><th>Method</th><th>Start</th><th>Time (ms)</th></tr></thead><tbody><tr><th colspan="4">Open Cart Playwright Regression Suite</th></tr></tbody><tbody id="t0"><tr><th colspan="4">Open Cart Home Page Test Chrome &#8212; failed</th></tr><tr class="failedeven"><td rowspan="1">com.qa.test.HomePageTest</td><td><a href="#m0">homePageTitleTest</a></td><td rowspan="1">1755243165611</td><td rowspan="1">48</td></tr><tr><th colspan="4">Open Cart Home Page Test Chrome &#8212; passed</th></tr><tr class="passedeven"><td rowspan="3">com.qa.test.HomePageTest</td><td><a href="#m1">searchText</a></td><td rowspan="3">1755243165611</td><td rowspan="3">719</td></tr><tr class="passedeven"><td><a href="#m2">searchText</a></td></tr><tr class="passedeven"><td><a href="#m3">searchText</a></td></tr></tbody>
<tbody id="t1"><tr><th colspan="4">Open Cart Login Page Test Firefox &#8212; failed</th></tr><tr class="failedeven"><td rowspan="3">com.qa.test.LoginPageTest</td><td><a href="#m4">loginPageNavigationTest</a></td><td rowspan="1">1755243176190</td><td rowspan="1">368</td></tr><tr class="failedeven"><td><a href="#m5">loginPageNavigationTest1</a></td><td rowspan="1">1755243176190</td><td rowspan="1">447</td></tr><tr class="failedeven"><td><a href="#m6">loginPageNavigationTest2</a></td><td rowspan="1">1755243176190</td><td rowspan="1">435</td></tr></tbody>
<tbody id="t2"><tr><th colspan="4">Open Cart Home Page Test Edge &#8212; failed</th></tr><tr class="failedeven"><td rowspan="2">com.qa.test.HomePageTest</td><td><a href="#m7">homePageTitleTest</a></td><td rowspan="1">1755243185816</td><td rowspan="1">40</td></tr><tr class="failedeven"><td><a href="#m8">searchText</a></td><td rowspan="1">1755243189473</td><td rowspan="1">48</td></tr><tr><th colspan="4">Open Cart Home Page Test Edge &#8212; passed</th></tr><tr class="passedeven"><td rowspan="2">com.qa.test.HomePageTest</td><td><a href="#m9">searchText</a></td><td rowspan="2">1755243185813</td><td rowspan="2">1934</td></tr><tr class="passedeven"><td><a href="#m10">searchText</a></td></tr></tbody>
<tbody id="t3"><tr><th colspan="4">Open Cart Login Page Test Safari &#8212; failed (configuration methods)</th></tr><tr class="failedeven"><td rowspan="1">com.qa.test.LoginPageTest</td><td><a href="#m11">setup</a></td><td rowspan="1">1755243189900</td><td rowspan="1">31017</td></tr><tr><th colspan="4">Open Cart Login Page Test Safari &#8212; skipped</th></tr><tr class="skippedeven"><td rowspan="3">com.qa.test.LoginPageTest</td><td><a href="#m12">loginPageNavigationTest</a></td><td rowspan="1">1755243220924</td><td rowspan="1">0</td></tr><tr class="skippedeven"><td><a href="#m13">loginPageNavigationTest1</a></td><td rowspan="1">1755243220924</td><td rowspan="1">0</td></tr><tr class="skippedeven"><td><a href="#m14">loginPageNavigationTest2</a></td><td rowspan="1">1755243220924</td><td rowspan="1">1</td></tr></tbody>
</table>
<h2>Open Cart Home Page Test Chrome</h2><h3 id="m0">com.qa.test.HomePageTest#homePageTitleTest</h3><table class="result"><tr><th>Exception</th></tr><tr><td><div class="stacktrace">java.lang.AssertionError: expected [Your Stores] but found [Your Store]
	at com.qa.test.HomePageTest.homePageTitleTest(HomePageTest.java:20)
	at java.base/java.util.concurrent.Executors$RunnableAdapter.call(Executors.java:539)
	at java.base/java.util.concurrent.FutureTask.run(FutureTask.java:264)
	at java.base/java.util.concurrent.ThreadPoolExecutor.runWorker(ThreadPoolExecutor.java:1136)
	at java.base/java.util.concurrent.ThreadPoolExecutor$Worker.run(ThreadPoolExecutor.java:635)
	at java.base/java.lang.Thread.run(Thread.java:840)
... Removed 19 stack frames</div></td></tr></table><p class="totop"><a href="#summary">back to summary</a></p>
<h3 id="m1">com.qa.test.HomePageTest#searchText</h3><table class="result"><tr class="param"><th>Parameter #1</th></tr><tr class="param stripe"><td>Macbook</td></tr></table><p class="totop"><a href="#summary">back to summary</a></p>
<h3 id="m2">com.qa.test.HomePageTest#searchText</h3><table class="result"><tr class="param"><th>Parameter #1</th></tr><tr class="param stripe"><td>IMAC</td></tr></table><p class="totop"><a href="#summary">back to summary</a></p>
<h3 id="m3">com.qa.test.HomePageTest#searchText</h3><table class="result"><tr class="param"><th>Parameter #1</th></tr><tr class="param stripe"><td>Samsung</td></tr></table><p class="totop"><a href="#summary">back to summary</a></p>
<h2>Open Cart Login Page Test Firefox</h2><h3 id="m4">com.qa.test.LoginPageTest#loginPageNavigationTest</h3><table class="result"><tr><th>Exception</th></tr><tr><td><div class="stacktrace">com.microsoft.playwright.PlaywrightException: Object doesn&apos;t exist: request@3598d8423b9e83a803d7f0a44feeba29
	at com.microsoft.playwright.impl.Connection.getExistingObject(Connection.java:192)
	at com.microsoft.playwright.impl.BrowserContextImpl.handleEvent(BrowserContextImpl.java:803)
	at com.microsoft.playwright.impl.Connection.dispatch(Connection.java:292)
	at com.microsoft.playwright.impl.Connection.processOneMessage(Connection.java:211)
	at com.microsoft.playwright.impl.ChannelOwner.runUntil(ChannelOwner.java:130)
	at com.microsoft.playwright.impl.Connection.sendMessage(Connection.java:130)
	at com.microsoft.playwright.impl.ChannelOwner.sendMessage(ChannelOwner.java:118)
	at com.microsoft.playwright.impl.FrameImpl.clickImpl(FrameImpl.java:252)
	at com.microsoft.playwright.impl.FrameImpl.lambda$click$8(FrameImpl.java:243)
	at com.microsoft.playwright.impl.LoggingSupport.lambda$withLogging$0(LoggingSupport.java:36)
	at com.microsoft.playwright.impl.LoggingSupport.withLogging(LoggingSupport.java:47)
	at com.microsoft.playwright.impl.ChannelOwner.withLogging(ChannelOwner.java:97)
	at com.microsoft.playwright.impl.LoggingSupport.withLogging(LoggingSupport.java:35)
	at com.microsoft.playwright.impl.FrameImpl.click(FrameImpl.java:243)
	at com.microsoft.playwright.impl.LocatorImpl.click(LocatorImpl.java:174)
	at com.microsoft.playwright.Locator.click(Locator.java:2508)
	at com.qa.pages.HomePage.clickLoginButton(HomePage.java:87)
	at com.qa.test.LoginPageTest.loginPageNavigationTest(LoginPageTest.java:13)
	at java.base/java.util.concurrent.Executors$RunnableAdapter.call(Executors.java:539)
	at java.base/java.util.concurrent.FutureTask.run(FutureTask.java:264)
	at java.base/java.util.concurrent.ThreadPoolExecutor.runWorker(ThreadPoolExecutor.java:1136)
	at java.base/java.util.concurrent.ThreadPoolExecutor$Worker.run(ThreadPoolExecutor.java:635)
	at java.base/java.lang.Thread.run(Thread.java:840)
... Removed 13 stack frames</div></td></tr></table><p class="totop"><a href="#summary">back to summary</a></p>
<h3 id="m5">com.qa.test.LoginPageTest#loginPageNavigationTest1</h3><table class="result"><tr><th>Exception</th></tr><tr><td><div class="stacktrace">java.lang.AssertionError: expected [Account Login] but found [Your Store]
	at com.qa.test.LoginPageTest.loginPageNavigationTest1(LoginPageTest.java:28)
	at java.base/java.util.concurrent.Executors$RunnableAdapter.call(Executors.java:539)
	at java.base/java.util.concurrent.FutureTask.run(FutureTask.java:264)
	at java.base/java.util.concurrent.ThreadPoolExecutor.runWorker(ThreadPoolExecutor.java:1136)
	at java.base/java.util.concurrent.ThreadPoolExecutor$Worker.run(ThreadPoolExecutor.java:635)
	at java.base/java.lang.Thread.run(Thread.java:840)
... Removed 19 stack frames</div></td></tr></table><p class="totop"><a href="#summary">back to summary</a></p>
<h3 id="m6">com.qa.test.LoginPageTest#loginPageNavigationTest2</h3><table class="result"><tr><th>Exception</th></tr><tr><td><div class="stacktrace">com.microsoft.playwright.PlaywrightException: Object doesn&apos;t exist: request@17d7299d4e0c780211b49e51ff049269
	at com.microsoft.playwright.impl.Connection.getExistingObject(Connection.java:192)
	at com.microsoft.playwright.impl.BrowserContextImpl.handleEvent(BrowserContextImpl.java:803)
	at com.microsoft.playwright.impl.Connection.dispatch(Connection.java:292)
	at com.microsoft.playwright.impl.Connection.processOneMessage(Connection.java:211)
	at com.microsoft.playwright.impl.ChannelOwner.runUntil(ChannelOwner.java:130)
	at com.microsoft.playwright.impl.Connection.sendMessage(Connection.java:130)
	at com.microsoft.playwright.impl.ChannelOwner.sendMessage(ChannelOwner.java:118)
	at com.microsoft.playwright.impl.FrameImpl.clickImpl(FrameImpl.java:252)
	at com.microsoft.playwright.impl.FrameImpl.lambda$click$8(FrameImpl.java:243)
	at com.microsoft.playwright.impl.LoggingSupport.lambda$withLogging$0(LoggingSupport.java:36)
	at com.microsoft.playwright.impl.LoggingSupport.withLogging(LoggingSupport.java:47)
	at com.microsoft.playwright.impl.ChannelOwner.withLogging(ChannelOwner.java:97)
	at com.microsoft.playwright.impl.LoggingSupport.withLogging(LoggingSupport.java:35)
	at com.microsoft.playwright.impl.FrameImpl.click(FrameImpl.java:243)
	at com.microsoft.playwright.impl.LocatorImpl.click(LocatorImpl.java:174)
	at com.microsoft.playwright.Locator.click(Locator.java:2508)
	at com.qa.pages.HomePage.clickLoginButton(HomePage.java:87)
	at com.qa.test.LoginPageTest.loginPageNavigationTest2(LoginPageTest.java:35)
	at java.base/java.util.concurrent.Executors$RunnableAdapter.call(Executors.java:539)
	at java.base/java.util.concurrent.FutureTask.run(FutureTask.java:264)
	at java.base/java.util.concurrent.ThreadPoolExecutor.runWorker(ThreadPoolExecutor.java:1136)
	at java.base/java.util.concurrent.ThreadPoolExecutor$Worker.run(ThreadPoolExecutor.java:635)
	at java.base/java.lang.Thread.run(Thread.java:840)
... Removed 13 stack frames</div></td></tr></table><p class="totop"><a href="#summary">back to summary</a></p>
<h2>Open Cart Home Page Test Edge</h2><h3 id="m7">com.qa.test.HomePageTest#homePageTitleTest</h3><table class="result"><tr><th>Exception</th></tr><tr><td><div class="stacktrace">java.lang.AssertionError: expected [Your Stores] but found [Your Store]
	at com.qa.test.HomePageTest.homePageTitleTest(HomePageTest.java:20)
	at java.base/java.util.concurrent.Executors$RunnableAdapter.call(Executors.java:539)
	at java.base/java.util.concurrent.FutureTask.run(FutureTask.java:264)
	at java.base/java.util.concurrent.ThreadPoolExecutor.runWorker(ThreadPoolExecutor.java:1136)
	at java.base/java.util.concurrent.ThreadPoolExecutor$Worker.run(ThreadPoolExecutor.java:635)
	at java.base/java.lang.Thread.run(Thread.java:840)
... Removed 19 stack frames</div></td></tr></table><p class="totop"><a href="#summary">back to summary</a></p>
<h3 id="m8">com.qa.test.HomePageTest#searchText</h3><table class="result"><tr class="param"><th>Parameter #1</th></tr><tr class="param stripe"><td>IMAC</td></tr><tr><th>Exception</th></tr><tr><td><div class="stacktrace">java.lang.AssertionError: expected [Search - IMAC] but found [Search - Samsung]
	at com.qa.test.HomePageTest.searchText(HomePageTest.java:36)
	at java.base/java.util.concurrent.Executors$RunnableAdapter.call(Executors.java:539)
	at java.base/java.util.concurrent.FutureTask.run(FutureTask.java:264)
	at java.base/java.util.concurrent.ThreadPoolExecutor.runWorker(ThreadPoolExecutor.java:1136)
	at java.base/java.util.concurrent.ThreadPoolExecutor$Worker.run(ThreadPoolExecutor.java:635)
	at java.base/java.lang.Thread.run(Thread.java:840)
... Removed 19 stack frames</div></td></tr></table><p class="totop"><a href="#summary">back to summary</a></p>
<h3 id="m9">com.qa.test.HomePageTest#searchText</h3><table class="result"><tr class="param"><th>Parameter #1</th></tr><tr class="param stripe"><td>Macbook</td></tr></table><p class="totop"><a href="#summary">back to summary</a></p>
<h3 id="m10">com.qa.test.HomePageTest#searchText</h3><table class="result"><tr class="param"><th>Parameter #1</th></tr><tr class="param stripe"><td>Samsung</td></tr></table><p class="totop"><a href="#summary">back to summary</a></p>
<h2>Open Cart Login Page Test Safari</h2><h3 id="m11">com.qa.test.LoginPageTest#setup</h3><table class="result"><tr class="param"><th>Parameter #1</th></tr><tr class="param stripe"><td>safari</td></tr><tr><th>Exception</th></tr><tr><td><div class="stacktrace">com.microsoft.playwright.TimeoutError: Error {
  message=&apos;Timeout 30000ms exceeded.
  name=&apos;TimeoutError
  stack=&apos;TimeoutError: Timeout 30000ms exceeded.
    at ProgressController.run (C:\Users\omgoyal\AppData\Local\Temp\playwright-java-4749934509671543215\package\lib\server\progress.js:75:26)
    at Frame.goto (C:\Users\omgoyal\AppData\Local\Temp\playwright-java-4749934509671543215\package\lib\server\frames.js:521:23)
    at FrameDispatcher.goto (C:\Users\omgoyal\AppData\Local\Temp\playwright-java-4749934509671543215\package\lib\server\dispatchers\frameDispatcher.js:81:119)
    at FrameDispatcher._handleCommand (C:\Users\omgoyal\AppData\Local\Temp\playwright-java-4749934509671543215\package\lib\server\dispatchers\dispatcher.js:96:40)
    at DispatcherConnection.dispatch (C:\Users\omgoyal\AppData\Local\Temp\playwright-java-4749934509671543215\package\lib\server\dispatchers\dispatcher.js:366:39)
}
Call log:
-   - navigating to &quot;https://naveenautomationlabs.com/opencart/&quot;, waiting until &quot;load&quot;

	at com.microsoft.playwright.impl.WaitableResult.get(WaitableResult.java:52)
	at com.microsoft.playwright.impl.ChannelOwner.runUntil(ChannelOwner.java:132)
	at com.microsoft.playwright.impl.Connection.sendMessage(Connection.java:130)
	at com.microsoft.playwright.impl.ChannelOwner.sendMessage(ChannelOwner.java:118)
	at com.microsoft.playwright.impl.FrameImpl.navigateImpl(FrameImpl.java:463)
	at com.microsoft.playwright.impl.PageImpl.lambda$navigate$47(PageImpl.java:943)
	at com.microsoft.playwright.impl.LoggingSupport.withLogging(LoggingSupport.java:47)
	at com.microsoft.playwright.impl.ChannelOwner.withLogging(ChannelOwner.java:97)
	at com.microsoft.playwright.impl.PageImpl.navigate(PageImpl.java:943)
	at com.microsoft.playwright.impl.PageImpl.navigate(PageImpl.java:42)
	at com.microsoft.playwright.Page.navigate(Page.java:5491)
	at com.qa.factory.PlaywrightFactory.initBrowser(PlaywrightFactory.java:92)
	at com.qa.base.BaseTest.setup(BaseTest.java:42)
Caused by: com.microsoft.playwright.TimeoutError: Error {
  message=&apos;Timeout 30000ms exceeded.
  name=&apos;TimeoutError
  stack=&apos;TimeoutError: Timeout 30000ms exceeded.
    at ProgressController.run (C:\Users\omgoyal\AppData\Local\Temp\playwright-java-4749934509671543215\package\lib\server\progress.js:75:26)
    at Frame.goto (C:\Users\omgoyal\AppData\Local\Temp\playwright-java-4749934509671543215\package\lib\server\frames.js:521:23)
    at FrameDispatcher.goto (C:\Users\omgoyal\AppData\Local\Temp\playwright-java-4749934509671543215\package\lib\server\dispatchers\frameDispatcher.js:81:119)
    at FrameDispatcher._handleCommand (C:\Users\omgoyal\AppData\Local\Temp\playwright-java-4749934509671543215\package\lib\server\dispatchers\dispatcher.js:96:40)
    at DispatcherConnection.dispatch (C:\Users\omgoyal\AppData\Local\Temp\playwright-java-4749934509671543215\package\lib\server\dispatchers\dispatcher.js:366:39)
}
Call log:
-   - navigating to &quot;https://naveenautomationlabs.com/opencart/&quot;, waiting until &quot;load&quot;

	at com.microsoft.playwright.impl.Connection.dispatch(Connection.java:254)
	at com.microsoft.playwright.impl.Connection.processOneMessage(Connection.java:211)
	at com.microsoft.playwright.impl.ChannelOwner.runUntil(ChannelOwner.java:130)
	... 39 more
... Removed 28 stack frames</div></td></tr></table><p class="totop"><a href="#summary">back to summary</a></p>
<h3 id="m12">com.qa.test.LoginPageTest#loginPageNavigationTest</h3><table class="result"><tr><th>Exception</th></tr><tr><td><div class="stacktrace">com.microsoft.playwright.TimeoutError: Error {
  message=&apos;Timeout 30000ms exceeded.
  name=&apos;TimeoutError
  stack=&apos;TimeoutError: Timeout 30000ms exceeded.
    at ProgressController.run (C:\Users\omgoyal\AppData\Local\Temp\playwright-java-4749934509671543215\package\lib\server\progress.js:75:26)
    at Frame.goto (C:\Users\omgoyal\AppData\Local\Temp\playwright-java-4749934509671543215\package\lib\server\frames.js:521:23)
    at FrameDispatcher.goto (C:\Users\omgoyal\AppData\Local\Temp\playwright-java-4749934509671543215\package\lib\server\dispatchers\frameDispatcher.js:81:119)
    at FrameDispatcher._handleCommand (C:\Users\omgoyal\AppData\Local\Temp\playwright-java-4749934509671543215\package\lib\server\dispatchers\dispatcher.js:96:40)
    at DispatcherConnection.dispatch (C:\Users\omgoyal\AppData\Local\Temp\playwright-java-4749934509671543215\package\lib\server\dispatchers\dispatcher.js:366:39)
}
Call log:
-   - navigating to &quot;https://naveenautomationlabs.com/opencart/&quot;, waiting until &quot;load&quot;

	at com.microsoft.playwright.impl.WaitableResult.get(WaitableResult.java:52)
	at com.microsoft.playwright.impl.ChannelOwner.runUntil(ChannelOwner.java:132)
	at com.microsoft.playwright.impl.Connection.sendMessage(Connection.java:130)
	at com.microsoft.playwright.impl.ChannelOwner.sendMessage(ChannelOwner.java:118)
	at com.microsoft.playwright.impl.FrameImpl.navigateImpl(FrameImpl.java:463)
	at com.microsoft.playwright.impl.PageImpl.lambda$navigate$47(PageImpl.java:943)
	at com.microsoft.playwright.impl.LoggingSupport.withLogging(LoggingSupport.java:47)
	at com.microsoft.playwright.impl.ChannelOwner.withLogging(ChannelOwner.java:97)
	at com.microsoft.playwright.impl.PageImpl.navigate(PageImpl.java:943)
	at com.microsoft.playwright.impl.PageImpl.navigate(PageImpl.java:42)
	at com.microsoft.playwright.Page.navigate(Page.java:5491)
	at com.qa.factory.PlaywrightFactory.initBrowser(PlaywrightFactory.java:92)
	at com.qa.base.BaseTest.setup(BaseTest.java:42)
Caused by: com.microsoft.playwright.TimeoutError: Error {
  message=&apos;Timeout 30000ms exceeded.
  name=&apos;TimeoutError
  stack=&apos;TimeoutError: Timeout 30000ms exceeded.
    at ProgressController.run (C:\Users\omgoyal\AppData\Local\Temp\playwright-java-4749934509671543215\package\lib\server\progress.js:75:26)
    at Frame.goto (C:\Users\omgoyal\AppData\Local\Temp\playwright-java-4749934509671543215\package\lib\server\frames.js:521:23)
    at FrameDispatcher.goto (C:\Users\omgoyal\AppData\Local\Temp\playwright-java-4749934509671543215\package\lib\server\dispatchers\frameDispatcher.js:81:119)
    at FrameDispatcher._handleCommand (C:\Users\omgoyal\AppData\Local\Temp\playwright-java-4749934509671543215\package\lib\server\dispatchers\dispatcher.js:96:40)
    at DispatcherConnection.dispatch (C:\Users\omgoyal\AppData\Local\Temp\playwright-java-4749934509671543215\package\lib\server\dispatchers\dispatcher.js:366:39)
}
Call log:
-   - navigating to &quot;https://naveenautomationlabs.com/opencart/&quot;, waiting until &quot;load&quot;

	at com.microsoft.playwright.impl.Connection.dispatch(Connection.java:254)
	at com.microsoft.playwright.impl.Connection.processOneMessage(Connection.java:211)
	at com.microsoft.playwright.impl.ChannelOwner.runUntil(ChannelOwner.java:130)
	... 39 more
... Removed 28 stack frames</div></td></tr></table><p class="totop"><a href="#summary">back to summary</a></p>
<h3 id="m13">com.qa.test.LoginPageTest#loginPageNavigationTest1</h3><table class="result"><tr><th>Exception</th></tr><tr><td><div class="stacktrace">com.microsoft.playwright.TimeoutError: Error {
  message=&apos;Timeout 30000ms exceeded.
  name=&apos;TimeoutError
  stack=&apos;TimeoutError: Timeout 30000ms exceeded.
    at ProgressController.run (C:\Users\omgoyal\AppData\Local\Temp\playwright-java-4749934509671543215\package\lib\server\progress.js:75:26)
    at Frame.goto (C:\Users\omgoyal\AppData\Local\Temp\playwright-java-4749934509671543215\package\lib\server\frames.js:521:23)
    at FrameDispatcher.goto (C:\Users\omgoyal\AppData\Local\Temp\playwright-java-4749934509671543215\package\lib\server\dispatchers\frameDispatcher.js:81:119)
    at FrameDispatcher._handleCommand (C:\Users\omgoyal\AppData\Local\Temp\playwright-java-4749934509671543215\package\lib\server\dispatchers\dispatcher.js:96:40)
    at DispatcherConnection.dispatch (C:\Users\omgoyal\AppData\Local\Temp\playwright-java-4749934509671543215\package\lib\server\dispatchers\dispatcher.js:366:39)
}
Call log:
-   - navigating to &quot;https://naveenautomationlabs.com/opencart/&quot;, waiting until &quot;load&quot;

	at com.microsoft.playwright.impl.WaitableResult.get(WaitableResult.java:52)
	at com.microsoft.playwright.impl.ChannelOwner.runUntil(ChannelOwner.java:132)
	at com.microsoft.playwright.impl.Connection.sendMessage(Connection.java:130)
	at com.microsoft.playwright.impl.ChannelOwner.sendMessage(ChannelOwner.java:118)
	at com.microsoft.playwright.impl.FrameImpl.navigateImpl(FrameImpl.java:463)
	at com.microsoft.playwright.impl.PageImpl.lambda$navigate$47(PageImpl.java:943)
	at com.microsoft.playwright.impl.LoggingSupport.withLogging(LoggingSupport.java:47)
	at com.microsoft.playwright.impl.ChannelOwner.withLogging(ChannelOwner.java:97)
	at com.microsoft.playwright.impl.PageImpl.navigate(PageImpl.java:943)
	at com.microsoft.playwright.impl.PageImpl.navigate(PageImpl.java:42)
	at com.microsoft.playwright.Page.navigate(Page.java:5491)
	at com.qa.factory.PlaywrightFactory.initBrowser(PlaywrightFactory.java:92)
	at com.qa.base.BaseTest.setup(BaseTest.java:42)
Caused by: com.microsoft.playwright.TimeoutError: Error {
  message=&apos;Timeout 30000ms exceeded.
  name=&apos;TimeoutError
  stack=&apos;TimeoutError: Timeout 30000ms exceeded.
    at ProgressController.run (C:\Users\omgoyal\AppData\Local\Temp\playwright-java-4749934509671543215\package\lib\server\progress.js:75:26)
    at Frame.goto (C:\Users\omgoyal\AppData\Local\Temp\playwright-java-4749934509671543215\package\lib\server\frames.js:521:23)
    at FrameDispatcher.goto (C:\Users\omgoyal\AppData\Local\Temp\playwright-java-4749934509671543215\package\lib\server\dispatchers\frameDispatcher.js:81:119)
    at FrameDispatcher._handleCommand (C:\Users\omgoyal\AppData\Local\Temp\playwright-java-4749934509671543215\package\lib\server\dispatchers\dispatcher.js:96:40)
    at DispatcherConnection.dispatch (C:\Users\omgoyal\AppData\Local\Temp\playwright-java-4749934509671543215\package\lib\server\dispatchers\dispatcher.js:366:39)
}
Call log:
-   - navigating to &quot;https://naveenautomationlabs.com/opencart/&quot;, waiting until &quot;load&quot;

	at com.microsoft.playwright.impl.Connection.dispatch(Connection.java:254)
	at com.microsoft.playwright.impl.Connection.processOneMessage(Connection.java:211)
	at com.microsoft.playwright.impl.ChannelOwner.runUntil(ChannelOwner.java:130)
	... 39 more
... Removed 28 stack frames</div></td></tr></table><p class="totop"><a href="#summary">back to summary</a></p>
<h3 id="m14">com.qa.test.LoginPageTest#loginPageNavigationTest2</h3><table class="result"><tr><th>Exception</th></tr><tr><td><div class="stacktrace">com.microsoft.playwright.TimeoutError: Error {
  message=&apos;Timeout 30000ms exceeded.
  name=&apos;TimeoutError
  stack=&apos;TimeoutError: Timeout 30000ms exceeded.
    at ProgressController.run (C:\Users\omgoyal\AppData\Local\Temp\playwright-java-4749934509671543215\package\lib\server\progress.js:75:26)
    at Frame.goto (C:\Users\omgoyal\AppData\Local\Temp\playwright-java-4749934509671543215\package\lib\server\frames.js:521:23)
    at FrameDispatcher.goto (C:\Users\omgoyal\AppData\Local\Temp\playwright-java-4749934509671543215\package\lib\server\dispatchers\frameDispatcher.js:81:119)
    at FrameDispatcher._handleCommand (C:\Users\omgoyal\AppData\Local\Temp\playwright-java-4749934509671543215\package\lib\server\dispatchers\dispatcher.js:96:40)
    at DispatcherConnection.dispatch (C:\Users\omgoyal\AppData\Local\Temp\playwright-java-4749934509671543215\package\lib\server\dispatchers\dispatcher.js:366:39)
}
Call log:
-   - navigating to &quot;https://naveenautomationlabs.com/opencart/&quot;, waiting until &quot;load&quot;

	at com.microsoft.playwright.impl.WaitableResult.get(WaitableResult.java:52)
	at com.microsoft.playwright.impl.ChannelOwner.runUntil(ChannelOwner.java:132)
	at com.microsoft.playwright.impl.Connection.sendMessage(Connection.java:130)
	at com.microsoft.playwright.impl.ChannelOwner.sendMessage(ChannelOwner.java:118)
	at com.microsoft.playwright.impl.FrameImpl.navigateImpl(FrameImpl.java:463)
	at com.microsoft.playwright.impl.PageImpl.lambda$navigate$47(PageImpl.java:943)
	at com.microsoft.playwright.impl.LoggingSupport.withLogging(LoggingSupport.java:47)
	at com.microsoft.playwright.impl.ChannelOwner.withLogging(ChannelOwner.java:97)
	at com.microsoft.playwright.impl.PageImpl.navigate(PageImpl.java:943)
	at com.microsoft.playwright.impl.PageImpl.navigate(PageImpl.java:42)
	at com.microsoft.playwright.Page.navigate(Page.java:5491)
	at com.qa.factory.PlaywrightFactory.initBrowser(PlaywrightFactory.java:92)
	at com.qa.base.BaseTest.setup(BaseTest.java:42)
Caused by: com.microsoft.playwright.TimeoutError: Error {
  message=&apos;Timeout 30000ms exceeded.
  name=&apos;TimeoutError
  stack=&apos;TimeoutError: Timeout 30000ms exceeded.
    at ProgressController.run (C:\Users\omgoyal\AppData\Local\Temp\playwright-java-4749934509671543215\package\lib\server\progress.js:75:26)
    at Frame.goto (C:\Users\omgoyal\AppData\Local\Temp\playwright-java-4749934509671543215\package\lib\server\frames.js:521:23)
    at FrameDispatcher.goto (C:\Users\omgoyal\AppData\Local\Temp\playwright-java-4749934509671543215\package\lib\server\dispatchers\frameDispatcher.js:81:119)
    at FrameDispatcher._handleCommand (C:\Users\omgoyal\AppData\Local\Temp\playwright-java-4749934509671543215\package\lib\server\dispatchers\dispatcher.js:96:40)
    at DispatcherConnection.dispatch (C:\Users\omgoyal\AppData\Local\Temp\playwright-java-4749934509671543215\package\lib\server\dispatchers\dispatcher.js:366:39)
}
Call log:
-   - navigating to &quot;https://naveenautomationlabs.com/opencart/&quot;, waiting until &quot;load&quot;

	at com.microsoft.playwright.impl.Connection.dispatch(Connection.java:254)
	at com.microsoft.playwright.impl.Connection.processOneMessage(Connection.java:211)
	at com.microsoft.playwright.impl.ChannelOwner.runUntil(ChannelOwner.java:130)
	... 39 more
... Removed 28 stack frames</div></td></tr></table><p class="totop"><a href="#summary">back to summary</a></p>
</body>
</html>
