<!DOCTYPE html>

<html>
  <head>
  <meta charset='utf-8'>
  <title>TestNG reports</title>

    <link type="text/css" href="testng-reports1.css" rel="stylesheet" id="ultra" />
    <link type="text/css" href="testng-reports.css" rel="stylesheet" id="retro" disabled="false"/>
    <script type="text/javascript" src="jquery-3.6.0.min.js"></script>
    <script type="text/javascript" src="testng-reports.js"></script>
    <script type="text/javascript" src="https://www.google.com/jsapi"></script>
    <script type='text/javascript'>
      google.load('visualization', '1', {packages:['table']});
      google.setOnLoadCallback(drawTable);
      var suiteTableInitFunctions = new Array();
      var suiteTableData = new Array();
    </script>
    <!--
      <script type="text/javascript" src="jquery-ui/js/jquery-ui-1.8.16.custom.min.js"></script>
     -->
  </head>

  <body>    <div class="top-banner-root">
      <span class="top-banner-title-font">Test results</span>
      <button id="button" class="button">Switch Retro Theme</button> <!-- button -->
      <br/>
      <span class="top-banner-font-1">1 suite, 6 failed tests</span>
    </div> <!-- top-banner-root -->
    <div class="navigator-root">
      <div class="navigator-suite-header">
        <span>All suites</span>
        <a href="#" title="Collapse/expand all the suites" class="collapse-all-link">
          <img src="collapseall.gif" class="collapse-all-icon">
          </img> <!-- collapse-all-icon -->
        </a> <!-- collapse-all-link -->
      </div> <!-- navigator-suite-header -->
      <div class="suite">
        <div class="rounded-window">
          <div class="suite-header light-rounded-window-top">
            <a href="#" panel-name="suite-Open_Cart_Playwright_Regression_Suite" class="navigator-link">
              <span class="suite-name border-failed">Open Cart Playwright Regression Suite</span>
            </a> <!-- navigator-link -->
          </div> <!-- suite-header light-rounded-window-top -->
          <div class="navigator-suite-content">
            <div class="suite-section-title">
              <span>Info</span>
            </div> <!-- suite-section-title -->
            <div class="suite-section-content">
              <ul>
                <li>
                  <a href="#" panel-name="test-xml-Open_Cart_Playwright_Regression_Suite" class="navigator-link ">
                    <span>C:\Users\omgoyal\Playwright_Workspace\Automation\testng_regression.xml</span>
                  </a> <!-- navigator-link  -->
                </li>
                <li>
                  <a href="#" panel-name="testlist-Open_Cart_Playwright_Regression_Suite" class="navigator-link ">
                    <span class="test-stats">4 tests</span>
                  </a> <!-- navigator-link  -->
                </li>
                <li>
                  <a href="#" panel-name="group-Open_Cart_Playwright_Regression_Suite" class="navigator-link ">
                    <span>0 groups</span>
                  </a> <!-- navigator-link  -->
                </li>
                <li>
                  <a href="#" panel-name="times-Open_Cart_Playwright_Regression_Suite" class="navigator-link ">
                    <span>Times</span>
                  </a> <!-- navigator-link  -->
                </li>
                <li>
                  <a href="#" panel-name="reporter-Open_Cart_Playwright_Regression_Suite" class="navigator-link ">
                    <span>Reporter output</span>
                  </a> <!-- navigator-link  -->
                </li>
                <li>
                  <a href="#" panel-name="ignored-methods-Open_Cart_Playwright_Regression_Suite" class="navigator-link ">
                    <span>Ignored methods</span>
                  </a> <!-- navigator-link  -->
                </li>
                <li>
                  <a href="#" panel-name="chronological-Open_Cart_Playwright_Regression_Suite" class="navigator-link ">
                    <span>Chronological view</span>
                  </a> <!-- navigator-link  -->
                </li>
              </ul>
            </div> <!-- suite-section-content -->
            <div class="result-section">
              <div class="suite-section-title">
                <span>Results</span>
              </div> <!-- suite-section-title -->
              <div class="suite-section-content">
                <ul>
                  <li>
                    <span class="method-stats">14 methods, 6 failed,  3 skipped,  5 passed</span>
                  </li>
                  <li>
                    <span class="method-list-title failed">Failed methods</span>
                    <span class="show-or-hide-methods failed">
                      <a href="#" panel-name="suite-Open_Cart_Playwright_Regression_Suite" class="hide-methods failed suite-Open_Cart_Playwright_Regression_Suite"> (hide)</a> <!-- hide-methods failed suite-Open_Cart_Playwright_Regression_Suite -->
                      <a href="#" panel-name="suite-Open_Cart_Playwright_Regression_Suite" class="show-methods failed suite-Open_Cart_Playwright_Regression_Suite"> (show)</a> <!-- show-methods failed suite-Open_Cart_Playwright_Regression_Suite -->
                    </span>
                    <div class="method-list-content failed suite-Open_Cart_Playwright_Regression_Suite">
                      <span>
                        <img src="failed.png" width="3%"/>
                        <a href="#" panel-name="suite-Open_Cart_Playwright_Regression_Suite" title="com.qa.test.HomePageTest" class="method navigator-link" hash-for-method="homePageTitleTest">homePageTitleTest</a> <!-- method navigator-link -->
                      </span>
                      <br/>
                      <span>
                        <img src="failed.png" width="3%"/>
                        <a href="#" panel-name="suite-Open_Cart_Playwright_Regression_Suite" title="com.qa.test.HomePageTest" class="method navigator-link" hash-for-method="homePageTitleTest">homePageTitleTest</a> <!-- method navigator-link -->
                      </span>
                      <br/>
                      <span>
                        <img src="failed.png" width="3%"/>
                        <a href="#" panel-name="suite-Open_Cart_Playwright_Regression_Suite" title="com.qa.test.LoginPageTest" class="method navigator-link" hash-for-method="loginPageNavigationTest">loginPageNavigationTest</a> <!-- method navigator-link -->
                      </span>
                      <br/>
                      <span>
                        <img src="failed.png" width="3%"/>
                        <a href="#" panel-name="suite-Open_Cart_Playwright_Regression_Suite" title="com.qa.test.LoginPageTest" class="method navigator-link" hash-for-method="loginPageNavigationTest1">loginPageNavigationTest1</a> <!-- method navigator-link -->
                      </span>
                      <br/>
                      <span>
                        <img src="failed.png" width="3%"/>
                        <a href="#" panel-name="suite-Open_Cart_Playwright_Regression_Suite" title="com.qa.test.LoginPageTest" class="method navigator-link" hash-for-method="loginPageNavigationTest2">loginPageNavigationTest2</a> <!-- method navigator-link -->
                      </span>
                      <br/>
                      <span>
                        <img src="failed.png" width="3%"/>
                        <a href="#" panel-name="suite-Open_Cart_Playwright_Regression_Suite" title="com.qa.test.HomePageTest" class="method navigator-link" hash-for-method="searchText(IMAC)">searchText(IMAC)</a> <!-- method navigator-link -->
                      </span>
                      <br/>
                    </div> <!-- method-list-content failed suite-Open_Cart_Playwright_Regression_Suite -->
                  </li>
                  <li>
                    <span class="method-list-title skipped">Skipped methods</span>
                    <span class="show-or-hide-methods skipped">
                      <a href="#" panel-name="suite-Open_Cart_Playwright_Regression_Suite" class="hide-methods skipped suite-Open_Cart_Playwright_Regression_Suite"> (hide)</a> <!-- hide-methods skipped suite-Open_Cart_Playwright_Regression_Suite -->
                      <a href="#" panel-name="suite-Open_Cart_Playwright_Regression_Suite" class="show-methods skipped suite-Open_Cart_Playwright_Regression_Suite"> (show)</a> <!-- show-methods skipped suite-Open_Cart_Playwright_Regression_Suite -->
                    </span>
                    <div class="method-list-content skipped suite-Open_Cart_Playwright_Regression_Suite">
                      <span>
                        <img src="skipped.png" width="3%"/>
                        <a href="#" panel-name="suite-Open_Cart_Playwright_Regression_Suite" title="com.qa.test.LoginPageTest" class="method navigator-link" hash-for-method="loginPageNavigationTest">loginPageNavigationTest</a> <!-- method navigator-link -->
                      </span>
                      <br/>
                      <span>
                        <img src="skipped.png" width="3%"/>
                        <a href="#" panel-name="suite-Open_Cart_Playwright_Regression_Suite" title="com.qa.test.LoginPageTest" class="method navigator-link" hash-for-method="loginPageNavigationTest1">loginPageNavigationTest1</a> <!-- method navigator-link -->
                      </span>
                      <br/>
                      <span>
                        <img src="skipped.png" width="3%"/>
                        <a href="#" panel-name="suite-Open_Cart_Playwright_Regression_Suite" title="com.qa.test.LoginPageTest" class="method navigator-link" hash-for-method="loginPageNavigationTest2">loginPageNavigationTest2</a> <!-- method navigator-link -->
                      </span>
                      <br/>
                    </div> <!-- method-list-content skipped suite-Open_Cart_Playwright_Regression_Suite -->
                  </li>
                  <li>
                    <span class="method-list-title passed">Passed methods</span>
                    <span class="show-or-hide-methods passed">
                      <a href="#" panel-name="suite-Open_Cart_Playwright_Regression_Suite" class="hide-methods passed suite-Open_Cart_Playwright_Regression_Suite"> (hide)</a> <!-- hide-methods passed suite-Open_Cart_Playwright_Regression_Suite -->
                      <a href="#" panel-name="suite-Open_Cart_Playwright_Regression_Suite" class="show-methods passed suite-Open_Cart_Playwright_Regression_Suite"> (show)</a> <!-- show-methods passed suite-Open_Cart_Playwright_Regression_Suite -->
                    </span>
                    <div class="method-list-content passed suite-Open_Cart_Playwright_Regression_Suite">
                      <span>
                        <img src="passed.png" width="3%"/>
                        <a href="#" panel-name="suite-Open_Cart_Playwright_Regression_Suite" title="com.qa.test.HomePageTest" class="method navigator-link" hash-for-method="searchText(Macbook)">searchText(Macbook)</a> <!-- method navigator-link -->
                      </span>
                      <br/>
                      <span>
                        <img src="passed.png" width="3%"/>
                        <a href="#" panel-name="suite-Open_Cart_Playwright_Regression_Suite" title="com.qa.test.HomePageTest" class="method navigator-link" hash-for-method="searchText(IMAC)">searchText(IMAC)</a> <!-- method navigator-link -->
                      </span>
                      <br/>
                      <span>
                        <img src="passed.png" width="3%"/>
                        <a href="#" panel-name="suite-Open_Cart_Playwright_Regression_Suite" title="com.qa.test.HomePageTest" class="method navigator-link" hash-for-method="searchText(Samsung)">searchText(Samsung)</a> <!-- method navigator-link -->
                      </span>
                      <br/>
                      <span>
                        <img src="passed.png" width="3%"/>
                        <a href="#" panel-name="suite-Open_Cart_Playwright_Regression_Suite" title="com.qa.test.HomePageTest" class="method navigator-link" hash-for-method="searchText(Macbook)">searchText(Macbook)</a> <!-- method navigator-link -->
                      </span>
                      <br/>
                      <span>
                        <img src="passed.png" width="3%"/>
                        <a href="#" panel-name="suite-Open_Cart_Playwright_Regression_Suite" title="com.qa.test.HomePageTest" class="method navigator-link" hash-for-method="searchText(Samsung)">searchText(Samsung)</a> <!-- method navigator-link -->
                      </span>
                      <br/>
                    </div> <!-- method-list-content passed suite-Open_Cart_Playwright_Regression_Suite -->
                  </li>
                </ul>
              </div> <!-- suite-section-content -->
            </div> <!-- result-section -->
          </div> <!-- navigator-suite-content -->
        </div> <!-- rounded-window -->
      </div> <!-- suite -->
    </div> <!-- navigator-root -->
    <div class="wrapper">
      <div class="main-panel-root">
        <div panel-name="suite-Open_Cart_Playwright_Regression_Suite" class="panel Open_Cart_Playwright_Regression_Suite">
          <div class="suite-Open_Cart_Playwright_Regression_Suite-class-failed">
            <div class="main-panel-header rounded-window-top">
              <img src="failed.png"/>
              <span class="class-name">com.qa.test.HomePageTest</span>
            </div> <!-- main-panel-header rounded-window-top -->
            <div class="main-panel-content rounded-window-bottom">
              <div class="method">
                <div class="method-content">
                  <a name="homePageTitleTest">
                  </a> <!-- homePageTitleTest -->
                  <span class="method-name">homePageTitleTest</span>
                  <div class="stack-trace">java.lang.AssertionError: expected [Your Stores] but found [Your Store]
	at com.qa.test.HomePageTest.homePageTitleTest(HomePageTest.java:20)
	at java.base/java.util.concurrent.Executors$RunnableAdapter.call(Executors.java:539)
	at java.base/java.util.concurrent.FutureTask.run(FutureTask.java:264)
	at java.base/java.util.concurrent.ThreadPoolExecutor.runWorker(ThreadPoolExecutor.java:1136)
	at java.base/java.util.concurrent.ThreadPoolExecutor$Worker.run(ThreadPoolExecutor.java:635)
	at java.base/java.lang.Thread.run(Thread.java:840)
... Removed 19 stack frames
</div> <!-- stack-trace -->
                </div> <!-- method-content -->
              </div> <!-- method -->
              <div class="method">
                <div class="method-content">
                  <a name="homePageTitleTest">
                  </a> <!-- homePageTitleTest -->
                  <span class="method-name">homePageTitleTest</span>
                  <div class="stack-trace">java.lang.AssertionError: expected [Your Stores] but found [Your Store]
	at com.qa.test.HomePageTest.homePageTitleTest(HomePageTest.java:20)
	at java.base/java.util.concurrent.Executors$RunnableAdapter.call(Executors.java:539)
	at java.base/java.util.concurrent.FutureTask.run(FutureTask.java:264)
	at java.base/java.util.concurrent.ThreadPoolExecutor.runWorker(ThreadPoolExecutor.java:1136)
	at java.base/java.util.concurrent.ThreadPoolExecutor$Worker.run(ThreadPoolExecutor.java:635)
	at java.base/java.lang.Thread.run(Thread.java:840)
... Removed 19 stack frames
</div> <!-- stack-trace -->
                </div> <!-- method-content -->
              </div> <!-- method -->
              <div class="method">
                <div class="method-content">
                  <a name="searchText(IMAC)">
                  </a> <!-- searchText(IMAC) -->
                  <span class="method-name">searchText</span>
                  <span class="parameters">(IMAC)</span>
                  <div class="stack-trace">java.lang.AssertionError: expected [Search - IMAC] but found [Search - Samsung]
	at com.qa.test.HomePageTest.searchText(HomePageTest.java:36)
	at java.base/java.util.concurrent.Executors$RunnableAdapter.call(Executors.java:539)
	at java.base/java.util.concurrent.FutureTask.run(FutureTask.java:264)
	at java.base/java.util.concurrent.ThreadPoolExecutor.runWorker(ThreadPoolExecutor.java:1136)
	at java.base/java.util.concurrent.ThreadPoolExecutor$Worker.run(ThreadPoolExecutor.java:635)
	at java.base/java.lang.Thread.run(Thread.java:840)
... Removed 19 stack frames
</div> <!-- stack-trace -->
                </div> <!-- method-content -->
              </div> <!-- method -->
            </div> <!-- main-panel-content rounded-window-bottom -->
          </div> <!-- suite-Open_Cart_Playwright_Regression_Suite-class-failed -->
          <div class="suite-Open_Cart_Playwright_Regression_Suite-class-failed">
            <div class="main-panel-header rounded-window-top">
              <img src="failed.png"/>
              <span class="class-name">com.qa.test.LoginPageTest</span>
            </div> <!-- main-panel-header rounded-window-top -->
            <div class="main-panel-content rounded-window-bottom">
              <div class="method">
                <div class="method-content">
                  <a name="loginPageNavigationTest">
                  </a> <!-- loginPageNavigationTest -->
                  <span class="method-name">loginPageNavigationTest</span>
                  <div class="stack-trace">com.microsoft.playwright.PlaywrightException: Object doesn&apos;t exist: request@3598d8423b9e83a803d7f0a44feeba29
	at com.microsoft.playwright.impl.Connection.getExistingObject(Connection.java:192)
	at com.microsoft.playwright.impl.BrowserContextImpl.handleEvent(BrowserContextImpl.java:803)
	at com.microsoft.playwright.impl.Connection.dispatch(Connection.java:292)
	at com.microsoft.playwright.impl.Connection.processOneMessage(Connection.java:211)
	at com.microsoft.playwright.impl.ChannelOwner.runUntil(ChannelOwner.java:130)
	at com.microsoft.playwright.impl.Connection.sendMessage(Connection.java:130)
	at com.microsoft.playwright.impl.ChannelOwner.sendMessage(ChannelOwner.java:118)
	at com.microsoft.playwright.impl.FrameImpl.clickImpl(FrameImpl.java:252)
	at com.microsoft.playwright.impl.FrameImpl.lambda$click$8(FrameImpl.java:243)
	at com.microsoft.playwright.impl.LoggingSupport.lambda$withLogging$0(LoggingSupport.java:36)
	at com.microsoft.playwright.impl.LoggingSupport.withLogging(LoggingSupport.java:47)
	at com.microsoft.playwright.impl.ChannelOwner.withLogging(ChannelOwner.java:97)
	at com.microsoft.playwright.impl.LoggingSupport.withLogging(LoggingSupport.java:35)
	at com.microsoft.playwright.impl.FrameImpl.click(FrameImpl.java:243)
	at com.microsoft.playwright.impl.LocatorImpl.click(LocatorImpl.java:174)
	at com.microsoft.playwright.Locator.click(Locator.java:2508)
	at com.qa.pages.HomePage.clickLoginButton(HomePage.java:87)
	at com.qa.test.LoginPageTest.loginPageNavigationTest(LoginPageTest.java:13)
	at java.base/java.util.concurrent.Executors$RunnableAdapter.call(Executors.java:539)
	at java.base/java.util.concurrent.FutureTask.run(FutureTask.java:264)
	at java.base/java.util.concurrent.ThreadPoolExecutor.runWorker(ThreadPoolExecutor.java:1136)
	at java.base/java.util.concurrent.ThreadPoolExecutor$Worker.run(ThreadPoolExecutor.java:635)
	at java.base/java.lang.Thread.run(Thread.java:840)
... Removed 13 stack frames
</div> <!-- stack-trace -->
                </div> <!-- method-content -->
              </div> <!-- method -->
              <div class="method">
                <div class="method-content">
                  <a name="loginPageNavigationTest1">
                  </a> <!-- loginPageNavigationTest1 -->
                  <span class="method-name">loginPageNavigationTest1</span>
                  <div class="stack-trace">java.lang.AssertionError: expected [Account Login] but found [Your Store]
	at com.qa.test.LoginPageTest.loginPageNavigationTest1(LoginPageTest.java:28)
	at java.base/java.util.concurrent.Executors$RunnableAdapter.call(Executors.java:539)
	at java.base/java.util.concurrent.FutureTask.run(FutureTask.java:264)
	at java.base/java.util.concurrent.ThreadPoolExecutor.runWorker(ThreadPoolExecutor.java:1136)
	at java.base/java.util.concurrent.ThreadPoolExecutor$Worker.run(ThreadPoolExecutor.java:635)
	at java.base/java.lang.Thread.run(Thread.java:840)
... Removed 19 stack frames
</div> <!-- stack-trace -->
                </div> <!-- method-content -->
              </div> <!-- method -->
              <div class="method">
                <div class="method-content">
                  <a name="loginPageNavigationTest2">
                  </a> <!-- loginPageNavigationTest2 -->
                  <span class="method-name">loginPageNavigationTest2</span>
                  <div class="stack-trace">com.microsoft.playwright.PlaywrightException: Object doesn&apos;t exist: request@17d7299d4e0c780211b49e51ff049269
	at com.microsoft.playwright.impl.Connection.getExistingObject(Connection.java:192)
	at com.microsoft.playwright.impl.BrowserContextImpl.handleEvent(BrowserContextImpl.java:803)
	at com.microsoft.playwright.impl.Connection.dispatch(Connection.java:292)
	at com.microsoft.playwright.impl.Connection.processOneMessage(Connection.java:211)
	at com.microsoft.playwright.impl.ChannelOwner.runUntil(ChannelOwner.java:130)
	at com.microsoft.playwright.impl.Connection.sendMessage(Connection.java:130)
	at com.microsoft.playwright.impl.ChannelOwner.sendMessage(ChannelOwner.java:118)
	at com.microsoft.playwright.impl.FrameImpl.clickImpl(FrameImpl.java:252)
	at com.microsoft.playwright.impl.FrameImpl.lambda$click$8(FrameImpl.java:243)
	at com.microsoft.playwright.impl.LoggingSupport.lambda$withLogging$0(LoggingSupport.java:36)
	at com.microsoft.playwright.impl.LoggingSupport.withLogging(LoggingSupport.java:47)
	at com.microsoft.playwright.impl.ChannelOwner.withLogging(ChannelOwner.java:97)
	at com.microsoft.playwright.impl.LoggingSupport.withLogging(LoggingSupport.java:35)
	at com.microsoft.playwright.impl.FrameImpl.click(FrameImpl.java:243)
	at com.microsoft.playwright.impl.LocatorImpl.click(LocatorImpl.java:174)
	at com.microsoft.playwright.Locator.click(Locator.java:2508)
	at com.qa.pages.HomePage.clickLoginButton(HomePage.java:87)
	at com.qa.test.LoginPageTest.loginPageNavigationTest2(LoginPageTest.java:35)
	at java.base/java.util.concurrent.Executors$RunnableAdapter.call(Executors.java:539)
	at java.base/java.util.concurrent.FutureTask.run(FutureTask.java:264)
	at java.base/java.util.concurrent.ThreadPoolExecutor.runWorker(ThreadPoolExecutor.java:1136)
	at java.base/java.util.concurrent.ThreadPoolExecutor$Worker.run(ThreadPoolExecutor.java:635)
	at java.base/java.lang.Thread.run(Thread.java:840)
... Removed 13 stack frames
</div> <!-- stack-trace -->
                </div> <!-- method-content -->
              </div> <!-- method -->
            </div> <!-- main-panel-content rounded-window-bottom -->
          </div> <!-- suite-Open_Cart_Playwright_Regression_Suite-class-failed -->
          <div class="suite-Open_Cart_Playwright_Regression_Suite-class-skipped">
            <div class="main-panel-header rounded-window-top">
              <img src="skipped.png"/>
              <span class="class-name">com.qa.test.LoginPageTest</span>
            </div> <!-- main-panel-header rounded-window-top -->
            <div class="main-panel-content rounded-window-bottom">
              <div class="method">
                <div class="method-content">
                  <a name="loginPageNavigationTest">
                  </a> <!-- loginPageNavigationTest -->
                  <span class="method-name">loginPageNavigationTest</span>
                  <div class="stack-trace">com.microsoft.playwright.TimeoutError: Error {
  message=&apos;Timeout 30000ms exceeded.
  name=&apos;TimeoutError
  stack=&apos;TimeoutError: Timeout 30000ms exceeded.
    at ProgressController.run (C:\Users\omgoyal\AppData\Local\Temp\playwright-java-4749934509671543215\package\lib\server\progress.js:75:26)
    at Frame.goto (C:\Users\omgoyal\AppData\Local\Temp\playwright-java-4749934509671543215\package\lib\server\frames.js:521:23)
    at FrameDispatcher.goto (C:\Users\omgoyal\AppData\Local\Temp\playwright-java-4749934509671543215\package\lib\server\dispatchers\frameDispatcher.js:81:119)
    at FrameDispatcher._handleCommand (C:\Users\omgoyal\AppData\Local\Temp\playwright-java-4749934509671543215\package\lib\server\dispatchers\dispatcher.js:96:40)
    at DispatcherConnection.dispatch (C:\Users\omgoyal\AppData\Local\Temp\playwright-java-4749934509671543215\package\lib\server\dispatchers\dispatcher.js:366:39)
}
Call log:
-   - navigating to &quot;https://naveenautomationlabs.com/opencart/&quot;, waiting until &quot;load&quot;

	at com.microsoft.playwright.impl.WaitableResult.get(WaitableResult.java:52)
	at com.microsoft.playwright.impl.ChannelOwner.runUntil(ChannelOwner.java:132)
	at com.microsoft.playwright.impl.Connection.sendMessage(Connection.java:130)
	at com.microsoft.playwright.impl.ChannelOwner.sendMessage(ChannelOwner.java:118)
	at com.microsoft.playwright.impl.FrameImpl.navigateImpl(FrameImpl.java:463)
	at com.microsoft.playwright.impl.PageImpl.lambda$navigate$47(PageImpl.java:943)
	at com.microsoft.playwright.impl.LoggingSupport.withLogging(LoggingSupport.java:47)
	at com.microsoft.playwright.impl.ChannelOwner.withLogging(ChannelOwner.java:97)
	at com.microsoft.playwright.impl.PageImpl.navigate(PageImpl.java:943)
	at com.microsoft.playwright.impl.PageImpl.navigate(PageImpl.java:42)
	at com.microsoft.playwright.Page.navigate(Page.java:5491)
	at com.qa.factory.PlaywrightFactory.initBrowser(PlaywrightFactory.java:92)
	at com.qa.base.BaseTest.setup(BaseTest.java:42)
Caused by: com.microsoft.playwright.TimeoutError: Error {
  message=&apos;Timeout 30000ms exceeded.
  name=&apos;TimeoutError
  stack=&apos;TimeoutError: Timeout 30000ms exceeded.
    at ProgressController.run (C:\Users\omgoyal\AppData\Local\Temp\playwright-java-4749934509671543215\package\lib\server\progress.js:75:26)
    at Frame.goto (C:\Users\omgoyal\AppData\Local\Temp\playwright-java-4749934509671543215\package\lib\server\frames.js:521:23)
    at FrameDispatcher.goto (C:\Users\omgoyal\AppData\Local\Temp\playwright-java-4749934509671543215\package\lib\server\dispatchers\frameDispatcher.js:81:119)
    at FrameDispatcher._handleCommand (C:\Users\omgoyal\AppData\Local\Temp\playwright-java-4749934509671543215\package\lib\server\dispatchers\dispatcher.js:96:40)
    at DispatcherConnection.dispatch (C:\Users\omgoyal\AppData\Local\Temp\playwright-java-4749934509671543215\package\lib\server\dispatchers\dispatcher.js:366:39)
}
Call log:
-   - navigating to &quot;https://naveenautomationlabs.com/opencart/&quot;, waiting until &quot;load&quot;

	at com.microsoft.playwright.impl.Connection.dispatch(Connection.java:254)
	at com.microsoft.playwright.impl.Connection.processOneMessage(Connection.java:211)
	at com.microsoft.playwright.impl.ChannelOwner.runUntil(ChannelOwner.java:130)
	... 39 more
... Removed 28 stack frames
</div> <!-- stack-trace -->
                </div> <!-- method-content -->
              </div> <!-- method -->
              <div class="method">
                <div class="method-content">
                  <a name="loginPageNavigationTest1">
                  </a> <!-- loginPageNavigationTest1 -->
                  <span class="method-name">loginPageNavigationTest1</span>
                  <div class="stack-trace">com.microsoft.playwright.TimeoutError: Error {
  message=&apos;Timeout 30000ms exceeded.
  name=&apos;TimeoutError
  stack=&apos;TimeoutError: Timeout 30000ms exceeded.
    at ProgressController.run (C:\Users\omgoyal\AppData\Local\Temp\playwright-java-4749934509671543215\package\lib\server\progress.js:75:26)
    at Frame.goto (C:\Users\omgoyal\AppData\Local\Temp\playwright-java-4749934509671543215\package\lib\server\frames.js:521:23)
    at FrameDispatcher.goto (C:\Users\omgoyal\AppData\Local\Temp\playwright-java-4749934509671543215\package\lib\server\dispatchers\frameDispatcher.js:81:119)
    at FrameDispatcher._handleCommand (C:\Users\omgoyal\AppData\Local\Temp\playwright-java-4749934509671543215\package\lib\server\dispatchers\dispatcher.js:96:40)
    at DispatcherConnection.dispatch (C:\Users\omgoyal\AppData\Local\Temp\playwright-java-4749934509671543215\package\lib\server\dispatchers\dispatcher.js:366:39)
}
Call log:
-   - navigating to &quot;https://naveenautomationlabs.com/opencart/&quot;, waiting until &quot;load&quot;

	at com.microsoft.playwright.impl.WaitableResult.get(WaitableResult.java:52)
	at com.microsoft.playwright.impl.ChannelOwner.runUntil(ChannelOwner.java:132)
	at com.microsoft.playwright.impl.Connection.sendMessage(Connection.java:130)
	at com.microsoft.playwright.impl.ChannelOwner.sendMessage(ChannelOwner.java:118)
	at com.microsoft.playwright.impl.FrameImpl.navigateImpl(FrameImpl.java:463)
	at com.microsoft.playwright.impl.PageImpl.lambda$navigate$47(PageImpl.java:943)
	at com.microsoft.playwright.impl.LoggingSupport.withLogging(LoggingSupport.java:47)
	at com.microsoft.playwright.impl.ChannelOwner.withLogging(ChannelOwner.java:97)
	at com.microsoft.playwright.impl.PageImpl.navigate(PageImpl.java:943)
	at com.microsoft.playwright.impl.PageImpl.navigate(PageImpl.java:42)
	at com.microsoft.playwright.Page.navigate(Page.java:5491)
	at com.qa.factory.PlaywrightFactory.initBrowser(PlaywrightFactory.java:92)
	at com.qa.base.BaseTest.setup(BaseTest.java:42)
Caused by: com.microsoft.playwright.TimeoutError: Error {
  message=&apos;Timeout 30000ms exceeded.
  name=&apos;TimeoutError
  stack=&apos;TimeoutError: Timeout 30000ms exceeded.
    at ProgressController.run (C:\Users\omgoyal\AppData\Local\Temp\playwright-java-4749934509671543215\package\lib\server\progress.js:75:26)
    at Frame.goto (C:\Users\omgoyal\AppData\Local\Temp\playwright-java-4749934509671543215\package\lib\server\frames.js:521:23)
    at FrameDispatcher.goto (C:\Users\omgoyal\AppData\Local\Temp\playwright-java-4749934509671543215\package\lib\server\dispatchers\frameDispatcher.js:81:119)
    at FrameDispatcher._handleCommand (C:\Users\omgoyal\AppData\Local\Temp\playwright-java-4749934509671543215\package\lib\server\dispatchers\dispatcher.js:96:40)
    at DispatcherConnection.dispatch (C:\Users\omgoyal\AppData\Local\Temp\playwright-java-4749934509671543215\package\lib\server\dispatchers\dispatcher.js:366:39)
}
Call log:
-   - navigating to &quot;https://naveenautomationlabs.com/opencart/&quot;, waiting until &quot;load&quot;

	at com.microsoft.playwright.impl.Connection.dispatch(Connection.java:254)
	at com.microsoft.playwright.impl.Connection.processOneMessage(Connection.java:211)
	at com.microsoft.playwright.impl.ChannelOwner.runUntil(ChannelOwner.java:130)
	... 39 more
... Removed 28 stack frames
</div> <!-- stack-trace -->
                </div> <!-- method-content -->
              </div> <!-- method -->
              <div class="method">
                <div class="method-content">
                  <a name="loginPageNavigationTest2">
                  </a> <!-- loginPageNavigationTest2 -->
                  <span class="method-name">loginPageNavigationTest2</span>
                  <div class="stack-trace">com.microsoft.playwright.TimeoutError: Error {
  message=&apos;Timeout 30000ms exceeded.
  name=&apos;TimeoutError
  stack=&apos;TimeoutError: Timeout 30000ms exceeded.
    at ProgressController.run (C:\Users\omgoyal\AppData\Local\Temp\playwright-java-4749934509671543215\package\lib\server\progress.js:75:26)
    at Frame.goto (C:\Users\omgoyal\AppData\Local\Temp\playwright-java-4749934509671543215\package\lib\server\frames.js:521:23)
    at FrameDispatcher.goto (C:\Users\omgoyal\AppData\Local\Temp\playwright-java-4749934509671543215\package\lib\server\dispatchers\frameDispatcher.js:81:119)
    at FrameDispatcher._handleCommand (C:\Users\omgoyal\AppData\Local\Temp\playwright-java-4749934509671543215\package\lib\server\dispatchers\dispatcher.js:96:40)
    at DispatcherConnection.dispatch (C:\Users\omgoyal\AppData\Local\Temp\playwright-java-4749934509671543215\package\lib\server\dispatchers\dispatcher.js:366:39)
}
Call log:
-   - navigating to &quot;https://naveenautomationlabs.com/opencart/&quot;, waiting until &quot;load&quot;

	at com.microsoft.playwright.impl.WaitableResult.get(WaitableResult.java:52)
	at com.microsoft.playwright.impl.ChannelOwner.runUntil(ChannelOwner.java:132)
	at com.microsoft.playwright.impl.Connection.sendMessage(Connection.java:130)
	at com.microsoft.playwright.impl.ChannelOwner.sendMessage(ChannelOwner.java:118)
	at com.microsoft.playwright.impl.FrameImpl.navigateImpl(FrameImpl.java:463)
	at com.microsoft.playwright.impl.PageImpl.lambda$navigate$47(PageImpl.java:943)
	at com.microsoft.playwright.impl.LoggingSupport.withLogging(LoggingSupport.java:47)
	at com.microsoft.playwright.impl.ChannelOwner.withLogging(ChannelOwner.java:97)
	at com.microsoft.playwright.impl.PageImpl.navigate(PageImpl.java:943)
	at com.microsoft.playwright.impl.PageImpl.navigate(PageImpl.java:42)
	at com.microsoft.playwright.Page.navigate(Page.java:5491)
	at com.qa.factory.PlaywrightFactory.initBrowser(PlaywrightFactory.java:92)
	at com.qa.base.BaseTest.setup(BaseTest.java:42)
Caused by: com.microsoft.playwright.TimeoutError: Error {
  message=&apos;Timeout 30000ms exceeded.
  name=&apos;TimeoutError
  stack=&apos;TimeoutError: Timeout 30000ms exceeded.
    at ProgressController.run (C:\Users\omgoyal\AppData\Local\Temp\playwright-java-4749934509671543215\package\lib\server\progress.js:75:26)
    at Frame.goto (C:\Users\omgoyal\AppData\Local\Temp\playwright-java-4749934509671543215\package\lib\server\frames.js:521:23)
    at FrameDispatcher.goto (C:\Users\omgoyal\AppData\Local\Temp\playwright-java-4749934509671543215\package\lib\server\dispatchers\frameDispatcher.js:81:119)
    at FrameDispatcher._handleCommand (C:\Users\omgoyal\AppData\Local\Temp\playwright-java-4749934509671543215\package\lib\server\dispatchers\dispatcher.js:96:40)
    at DispatcherConnection.dispatch (C:\Users\omgoyal\AppData\Local\Temp\playwright-java-4749934509671543215\package\lib\server\dispatchers\dispatcher.js:366:39)
}
Call log:
-   - navigating to &quot;https://naveenautomationlabs.com/opencart/&quot;, waiting until &quot;load&quot;

	at com.microsoft.playwright.impl.Connection.dispatch(Connection.java:254)
	at com.microsoft.playwright.impl.Connection.processOneMessage(Connection.java:211)
	at com.microsoft.playwright.impl.ChannelOwner.runUntil(ChannelOwner.java:130)
	... 39 more
... Removed 28 stack frames
</div> <!-- stack-trace -->
                </div> <!-- method-content -->
              </div> <!-- method -->
            </div> <!-- main-panel-content rounded-window-bottom -->
          </div> <!-- suite-Open_Cart_Playwright_Regression_Suite-class-skipped -->
          <div class="suite-Open_Cart_Playwright_Regression_Suite-class-passed">
            <div class="main-panel-header rounded-window-top">
              <img src="passed.png"/>
              <span class="class-name">com.qa.test.HomePageTest</span>
            </div> <!-- main-panel-header rounded-window-top -->
            <div class="main-panel-content rounded-window-bottom">
              <div class="method">
                <div class="method-content">
                  <a name="searchText(Macbook)">
                  </a> <!-- searchText(Macbook) -->
                  <span class="method-name">searchText</span>
                  <span class="parameters">(Macbook)</span>
                </div> <!-- method-content -->
              </div> <!-- method -->
              <div class="method">
                <div class="method-content">
                  <a name="searchText(IMAC)">
                  </a> <!-- searchText(IMAC) -->
                  <span class="method-name">searchText</span>
                  <span class="parameters">(IMAC)</span>
                </div> <!-- method-content -->
              </div> <!-- method -->
              <div class="method">
                <div class="method-content">
                  <a name="searchText(Samsung)">
                  </a> <!-- searchText(Samsung) -->
                  <span class="method-name">searchText</span>
                  <span class="parameters">(Samsung)</span>
                </div> <!-- method-content -->
              </div> <!-- method -->
              <div class="method">
                <div class="method-content">
                  <a name="searchText(Macbook)">
                  </a> <!-- searchText(Macbook) -->
                  <span class="method-name">searchText</span>
                  <span class="parameters">(Macbook)</span>
                </div> <!-- method-content -->
              </div> <!-- method -->
              <div class="method">
                <div class="method-content">
                  <a name="searchText(Samsung)">
                  </a> <!-- searchText(Samsung) -->
                  <span class="method-name">searchText</span>
                  <span class="parameters">(Samsung)</span>
                </div> <!-- method-content -->
              </div> <!-- method -->
            </div> <!-- main-panel-content rounded-window-bottom -->
          </div> <!-- suite-Open_Cart_Playwright_Regression_Suite-class-passed -->
        </div> <!-- panel Open_Cart_Playwright_Regression_Suite -->
        <div panel-name="test-xml-Open_Cart_Playwright_Regression_Suite" class="panel">
          <div class="main-panel-header rounded-window-top">
            <span class="header-content">C:\Users\omgoyal\Playwright_Workspace\Automation\testng_regression.xml</span>
          </div> <!-- main-panel-header rounded-window-top -->
          <div class="main-panel-content rounded-window-bottom">
            <pre>
&lt;?xml version=&quot;1.0&quot; encoding=&quot;UTF-8&quot;?&gt;
&lt;!DOCTYPE suite SYSTEM &quot;https://testng.org/testng-1.0.dtd&quot;&gt;
&lt;suite thread-count=&quot;4&quot; parallel=&quot;methods&quot; name=&quot;Open Cart Playwright Regression Suite&quot; verbose=&quot;0&quot;&gt;
  &lt;listeners&gt;
    &lt;listener class-name=&quot;com.qa.listener.ExtentReportListener&quot;/&gt;
  &lt;/listeners&gt;
  &lt;test thread-count=&quot;4&quot; parallel=&quot;methods&quot; name=&quot;Open Cart Home Page Test Chrome&quot; verbose=&quot;0&quot;&gt;
    &lt;parameter name=&quot;browser&quot; value=&quot;chrome&quot;/&gt;
    &lt;classes&gt;
      &lt;class name=&quot;com.qa.test.HomePageTest&quot;/&gt;
    &lt;/classes&gt;
  &lt;/test&gt; &lt;!-- Open Cart Home Page Test Chrome --&gt;
  &lt;test thread-count=&quot;4&quot; parallel=&quot;methods&quot; name=&quot;Open Cart Login Page Test Firefox&quot; verbose=&quot;0&quot;&gt;
    &lt;parameter name=&quot;browser&quot; value=&quot;firefox&quot;/&gt;
    &lt;classes&gt;
      &lt;class name=&quot;com.qa.test.LoginPageTest&quot;/&gt;
    &lt;/classes&gt;
  &lt;/test&gt; &lt;!-- Open Cart Login Page Test Firefox --&gt;
  &lt;test thread-count=&quot;4&quot; parallel=&quot;methods&quot; name=&quot;Open Cart Home Page Test Edge&quot; verbose=&quot;0&quot;&gt;
    &lt;parameter name=&quot;browser&quot; value=&quot;edge&quot;/&gt;
    &lt;classes&gt;
      &lt;class name=&quot;com.qa.test.HomePageTest&quot;/&gt;
    &lt;/classes&gt;
  &lt;/test&gt; &lt;!-- Open Cart Home Page Test Edge --&gt;
  &lt;test thread-count=&quot;4&quot; parallel=&quot;methods&quot; name=&quot;Open Cart Login Page Test Safari&quot; verbose=&quot;0&quot;&gt;
    &lt;parameter name=&quot;browser&quot; value=&quot;safari&quot;/&gt;
    &lt;classes&gt;
      &lt;class name=&quot;com.qa.test.LoginPageTest&quot;/&gt;
    &lt;/classes&gt;
  &lt;/test&gt; &lt;!-- Open Cart Login Page Test Safari --&gt;
&lt;/suite&gt; &lt;!-- Open Cart Playwright Regression Suite --&gt;
            </pre>
          </div> <!-- main-panel-content rounded-window-bottom -->
        </div> <!-- panel -->
        <div panel-name="testlist-Open_Cart_Playwright_Regression_Suite" class="panel">
          <div class="main-panel-header rounded-window-top">
            <span class="header-content">Tests for Open Cart Playwright Regression Suite</span>
          </div> <!-- main-panel-header rounded-window-top -->
          <div class="main-panel-content rounded-window-bottom">
            <ul>
              <li>
                <span class="test-name">Open Cart Home Page Test Chrome (1 class)</span>
              </li>
              <li>
                <span class="test-name">Open Cart Login Page Test Firefox (1 class)</span>
              </li>
              <li>
                <span class="test-name">Open Cart Home Page Test Edge (1 class)</span>
              </li>
              <li>
                <span class="test-name">Open Cart Login Page Test Safari (1 class)</span>
              </li>
            </ul>
          </div> <!-- main-panel-content rounded-window-bottom -->
        </div> <!-- panel -->
        <div panel-name="group-Open_Cart_Playwright_Regression_Suite" class="panel">
          <div class="main-panel-header rounded-window-top">
            <span class="header-content">Groups for Open Cart Playwright Regression Suite</span>
          </div> <!-- main-panel-header rounded-window-top -->
          <div class="main-panel-content rounded-window-bottom">
          </div> <!-- main-panel-content rounded-window-bottom -->
        </div> <!-- panel -->
        <div panel-name="times-Open_Cart_Playwright_Regression_Suite" class="panel">
          <div class="main-panel-header rounded-window-top">
            <span class="header-content">Times for Open Cart Playwright Regression Suite</span>
          </div> <!-- main-panel-header rounded-window-top -->
          <div class="main-panel-content rounded-window-bottom">
            <div class="times-div">
              <script type="text/javascript">
suiteTableInitFunctions.push('tableData_Open_Cart_Playwright_Regression_Suite');
function tableData_Open_Cart_Playwright_Regression_Suite() {
var data = new google.visualization.DataTable();
data.addColumn('number', 'Number');
data.addColumn('string', 'Method');
data.addColumn('string', 'Class');
data.addColumn('number', 'Time (ms)');
data.addRows(14);
data.setCell(0, 0, 0)
data.setCell(0, 1, 'searchText')
data.setCell(0, 2, 'com.qa.test.HomePageTest')
data.setCell(0, 3, 1934);
data.setCell(1, 0, 1)
data.setCell(1, 1, 'searchText')
data.setCell(1, 2, 'com.qa.test.HomePageTest')
data.setCell(1, 3, 1724);
data.setCell(2, 0, 2)
data.setCell(2, 1, 'searchText')
data.setCell(2, 2, 'com.qa.test.HomePageTest')
data.setCell(2, 3, 719);
data.setCell(3, 0, 3)
data.setCell(3, 1, 'searchText')
data.setCell(3, 2, 'com.qa.test.HomePageTest')
data.setCell(3, 3, 679);
data.setCell(4, 0, 4)
data.setCell(4, 1, 'searchText')
data.setCell(4, 2, 'com.qa.test.HomePageTest')
data.setCell(4, 3, 490);
data.setCell(5, 0, 5)
data.setCell(5, 1, 'loginPageNavigationTest1')
data.setCell(5, 2, 'com.qa.test.LoginPageTest')
data.setCell(5, 3, 447);
data.setCell(6, 0, 6)
data.setCell(6, 1, 'loginPageNavigationTest2')
data.setCell(6, 2, 'com.qa.test.LoginPageTest')
data.setCell(6, 3, 435);
data.setCell(7, 0, 7)
data.setCell(7, 1, 'loginPageNavigationTest')
data.setCell(7, 2, 'com.qa.test.LoginPageTest')
data.setCell(7, 3, 368);
data.setCell(8, 0, 8)
data.setCell(8, 1, 'homePageTitleTest')
data.setCell(8, 2, 'com.qa.test.HomePageTest')
data.setCell(8, 3, 48);
data.setCell(9, 0, 9)
data.setCell(9, 1, 'searchText')
data.setCell(9, 2, 'com.qa.test.HomePageTest')
data.setCell(9, 3, 48);
data.setCell(10, 0, 10)
data.setCell(10, 1, 'homePageTitleTest')
data.setCell(10, 2, 'com.qa.test.HomePageTest')
data.setCell(10, 3, 40);
data.setCell(11, 0, 11)
data.setCell(11, 1, 'loginPageNavigationTest2')
data.setCell(11, 2, 'com.qa.test.LoginPageTest')
data.setCell(11, 3, 1);
data.setCell(12, 0, 12)
data.setCell(12, 1, 'loginPageNavigationTest')
data.setCell(12, 2, 'com.qa.test.LoginPageTest')
data.setCell(12, 3, 0);
data.setCell(13, 0, 13)
data.setCell(13, 1, 'loginPageNavigationTest1')
data.setCell(13, 2, 'com.qa.test.LoginPageTest')
data.setCell(13, 3, 0);
window.suiteTableData['Open_Cart_Playwright_Regression_Suite']= { tableData: data, tableDiv: 'times-div-Open_Cart_Playwright_Regression_Suite'}
return data;
}
              </script>
              <span class="suite-total-time">Total running time: 6 seconds</span>
              <div id="times-div-Open_Cart_Playwright_Regression_Suite">
              </div> <!-- times-div-Open_Cart_Playwright_Regression_Suite -->
            </div> <!-- times-div -->
          </div> <!-- main-panel-content rounded-window-bottom -->
        </div> <!-- panel -->
        <div panel-name="reporter-Open_Cart_Playwright_Regression_Suite" class="panel">
          <div class="main-panel-header rounded-window-top">
            <span class="header-content">Reporter output for Open Cart Playwright Regression Suite</span>
          </div> <!-- main-panel-header rounded-window-top -->
          <div class="main-panel-content rounded-window-bottom">
          </div> <!-- main-panel-content rounded-window-bottom -->
        </div> <!-- panel -->
        <div panel-name="ignored-methods-Open_Cart_Playwright_Regression_Suite" class="panel">
          <div class="main-panel-header rounded-window-top">
            <span class="header-content">0 ignored methods</span>
          </div> <!-- main-panel-header rounded-window-top -->
          <div class="main-panel-content rounded-window-bottom">
          </div> <!-- main-panel-content rounded-window-bottom -->
        </div> <!-- panel -->
        <div panel-name="chronological-Open_Cart_Playwright_Regression_Suite" class="panel">
          <div class="main-panel-header rounded-window-top">
            <span class="header-content">Methods in chronological order</span>
          </div> <!-- main-panel-header rounded-window-top -->
          <div class="main-panel-content rounded-window-bottom">
            <div class="chronological-class">
              <div class="chronological-class-name">com.qa.test.HomePageTest</div> <!-- chronological-class-name -->
              <div class="configuration-test before">
                <span class="method-name">setup(chrome)</span>
                <span class="method-start">0 ms</span>
              </div> <!-- configuration-test before -->
              <div class="test-method">
                <span class="method-name">searchText(Macbook)</span>
                <span class="method-start">21659 ms</span>
              </div> <!-- test-method -->
              <div class="test-method">
                <img src="failed.png">
                </img>
                <span class="method-name">homePageTitleTest</span>
                <span class="method-start">21659 ms</span>
              </div> <!-- test-method -->
              <div class="test-method">
                <span class="method-name">searchText(Samsung)</span>
                <span class="method-start">22381 ms</span>
              </div> <!-- test-method -->
              <div class="test-method">
                <span class="method-name">searchText(IMAC)</span>
                <span class="method-start">23061 ms</span>
              </div> <!-- test-method -->
              <div class="configuration-test after">
                <span class="method-name">tearDown</span>
                <span class="method-start">23552 ms</span>
              </div> <!-- configuration-test after -->
            </div> <!-- chronological-class -->
            <div class="chronological-class">
              <div class="chronological-class-name">com.qa.test.LoginPageTest</div> <!-- chronological-class-name -->
              <div class="configuration-test before">
                <span class="method-name">setup(firefox)</span>
                <span class="method-start">24117 ms</span>
              </div> <!-- configuration-test before -->
              <div class="test-method">
                <img src="failed.png">
                </img>
                <span class="method-name">loginPageNavigationTest</span>
                <span class="method-start">32238 ms</span>
              </div> <!-- test-method -->
              <div class="test-method">
                <img src="failed.png">
                </img>
                <span class="method-name">loginPageNavigationTest1</span>
                <span class="method-start">32238 ms</span>
              </div> <!-- test-method -->
              <div class="test-method">
                <img src="failed.png">
                </img>
                <span class="method-name">loginPageNavigationTest2</span>
                <span class="method-start">32238 ms</span>
              </div> <!-- test-method -->
              <div class="configuration-test after">
                <span class="method-name">tearDown</span>
                <span class="method-start">32687 ms</span>
              </div> <!-- configuration-test after -->
            </div> <!-- chronological-class -->
            <div class="chronological-class">
              <div class="chronological-class-name">com.qa.test.HomePageTest</div> <!-- chronological-class-name -->
              <div class="configuration-test before">
                <span class="method-name">setup(edge)</span>
                <span class="method-start">33393 ms</span>
              </div> <!-- configuration-test before -->
              <div class="test-method">
                <span class="method-name">searchText(Macbook)</span>
                <span class="method-start">41861 ms</span>
              </div> <!-- test-method -->
              <div class="test-method">
                <img src="failed.png">
                </img>
                <span class="method-name">homePageTitleTest</span>
                <span class="method-start">41864 ms</span>
              </div> <!-- test-method -->
              <div class="test-method">
                <span class="method-name">searchText(Samsung)</span>
                <span class="method-start">43796 ms</span>
              </div> <!-- test-method -->
              <div class="test-method">
                <img src="failed.png">
                </img>
                <span class="method-name">searchText(IMAC)</span>
                <span class="method-start">45521 ms</span>
              </div> <!-- test-method -->
              <div class="configuration-test after">
                <span class="method-name">tearDown</span>
                <span class="method-start">45570 ms</span>
              </div> <!-- configuration-test after -->
            </div> <!-- chronological-class -->
            <div class="chronological-class">
              <div class="chronological-class-name">com.qa.test.LoginPageTest</div> <!-- chronological-class-name -->
              <div class="configuration-test before">
                <img src="failed.png">
                </img>
                <span class="method-name">setup(safari)</span>
                <span class="method-start">45948 ms</span>
              </div> <!-- configuration-test before -->
              <div class="configuration-test after">
                <span class="method-name">tearDown</span>
                <span class="method-start">76975 ms</span>
              </div> <!-- configuration-test after -->
          </div> <!-- main-panel-content rounded-window-bottom -->
        </div> <!-- panel -->
      </div> <!-- main-panel-root -->
    </div> <!-- wrapper -->
  </body>
<script type="text/javascript" src="testng-reports2.js"></script>
</html>
