

<!DOCTYPE html>
<html>
<head>
<meta charset="UTF-8">
<meta name="viewport" content="width=device-width, initial-scale=1, shrink-to-fit=no">
<title></title>
<link rel="apple-touch-icon" href="https://cdn.jsdelivr.net/gh/extent-framework/extent-github-cdn@b00a2d0486596e73dd7326beacf352c639623a0e/commons/img/logo.png">
<link rel="shortcut icon" href="https://cdn.jsdelivr.net/gh/extent-framework/extent-github-cdn@b00a2d0486596e73dd7326beacf352c639623a0e/commons/img/logo.png">
<link href="https://cdn.jsdelivr.net/gh/extent-framework/extent-github-cdn@d6562a79075e061305ccfdb82f01e5e195e2d307/spark/css/spark-style.css" rel="stylesheet" />
<link href="https://stackpath.bootstrapcdn.com/font-awesome/4.7.0/css/font-awesome.min.css" rel="stylesheet">
<script src="https://cdn.jsdelivr.net/gh/extent-framework/extent-github-cdn@7cc78ce/spark/js/jsontree.js"></script>
<style type="text/css"></style></head><body class="spa -report standard">
  <div class="app">
    <div class="layout">
<div class="header navbar">
<div class="vheader">
<div class="nav-logo">
<a href="#">
<div class="logo" style="background-image: url('https://cdn.jsdelivr.net/gh/extent-framework/extent-github-cdn@b00a2d0486596e73dd7326beacf352c639623a0e/commons/img/logo.png')"></div>
</a>
</div>
<ul class="nav-left">
<li class="search-box">
<a class="search-toggle" href="#">
<i class="search-icon fa fa-search"></i>
<i class="search-icon-close fa fa-close"></i>
</a>
</li>
<li class="search-input"><input id="search-tests" class="form-control" type="text" placeholder="Search..."></li>
</ul>
<ul class="nav-right">
<li class="m-r-10">
<a href="#"><span class="badge badge-primary">QA Test Automation Report Results</span></a>
</li>
<li class="m-r-10">
<a href="#"><span class="badge badge-primary">Aug 15, 2025 01:06:22 PM</span></a>
</li>
</ul>
</div>
</div><div class="side-nav">
<div class="side-nav-inner">
<ul class="side-nav-menu">
<li class="nav-item dropdown" onclick="toggleView('test-view')">
<a id="nav-test" class="dropdown-toggle" href="#">
<span class="ico"><i class="fa fa-list"></i></span>
</a>
</li>
<li class="nav-item dropdown" onclick="toggleView('exception-view')">
<a id="nav-exception" class="dropdown-toggle" href="#">
<span class="ico"><i class="fa fa-bug"></i></span>
</a>
</li>
<li class="nav-item dropdown" onclick="toggleView('category-view')">
<a id="nav-category" class="dropdown-toggle" href="#">
<span class="ico"><i class="fa fa-tag"></i></span>
</a>
</li>
<li class="nav-item dropdown" onclick="toggleView('dashboard-view')">
<a id="nav-dashboard" class="dropdown-toggle" href="#">
<span class="ico"><i class="fa fa-bar-chart"></i></span>
</a>
</li>
</ul>
</div>
</div>      <div class="vcontainer">
        <div class="main-content">
<div class="test-wrapper row view test-view">
  <div class="test-list">
    <div class="test-list-tools">
<ul class="tools pull-left">
<li><a href="#"><span class="font-size-14">Tests</span></a></li>
</ul>
<ul class="tools text-right">
<li class="dropdown">
<a href="#" class="dropdown-toggle" data-toggle="dropdown"><i class="fa fa-exclamation-circle"></i></a>
<ul id="status-toggle" class="dropdown-menu dropdown-md p-v-0">
<a class="dropdown-item" status="pass" href="#"><span>Pass</span><span class="status success"></span></a>
<a class="dropdown-item" status="fail" href="#"><span>Fail</span><span class="status danger"></span></a>
<div class="dropdown-divider"></div>
<a status="clear" class="dropdown-item" href="#"><span>Clear</span><span class="pull-right"><i class="fa fa-close"></i></span></a>
</ul>
</li>
<li class="dropdown">
<a href="#" class="dropdown-toggle" data-toggle="dropdown"><i class="fa fa-tag"></i></a>
<ul id="tag-toggle" class="dropdown-menu dropdown-md p-v-0">
<a class="dropdown-item" href="#">HomePageTest</a><a class="dropdown-item" href="#">LoginPageTest</a>
</ul>
</li>
</ul>
</div>    <div class="test-list-wrapper scrollable">
      <ul class="test-list-item">
        <li class="test-item"  status="fail" test-id="1"
          author=""
          tag="HomePageTest"
          device="">
          <div class="test-detail">
            <p class="name">homePageTitleTest</p>
            <p class="text-sm">
              <span>1:06:41 PM</span> / <span>00:00:00:020</span>
              <span class="badge fail-bg log float-right">Fail</span>
            </p>
          </div>
          <div class="test-contents d-none">
<div class="detail-head">
<div class="p-v-10">
<div class="info">
<h5 class="test-status text-fail">homePageTitleTest</h5>
<span class='badge badge-success'>08.15.2025 1:06:41 PM</span>
<span class='badge badge-danger'>08.15.2025 1:06:41 PM</span>
<span class='badge badge-default'>00:00:00:020</span>
&middot; <span class='uri-anchor badge badge-default'>#test-id=1</span>
<span class='badge badge-default pointer float-right ml-1 et'><i class="fa fa-chevron-down"></i></span>
<span class='badge badge-default pointer float-right ct'><i class="fa fa-chevron-up"></i></span>
</div>
<div class="m-t-15"><span class="badge badge-pill badge-default">HomePageTest</span></div>
<div class="m-t-10 m-l-5"></div>
</div>
</div><div class="detail-body mt-4">
<table class="table table-sm">
  <thead><tr><th class="status-col">Status</th><th class="timestamp-col">Timestamp</th><th class="details-col">Details</th></tr></thead>
  <tbody>
      <tr class="event-row">
        <td><span class="badge log fail-bg">Fail</span></td>
        <td>1:06:42 PM</td>
        <td>
          <textarea readonly class="code-block">java.lang.AssertionError: expected [Your Stores] but found [Your Store]
	at org.testng.Assert.fail(Assert.java:99)
	at org.testng.Assert.failNotEquals(Assert.java:1037)
	at org.testng.Assert.assertEqualsImpl(Assert.java:140)
	at org.testng.Assert.assertEquals(Assert.java:122)
	at org.testng.Assert.assertEquals(Assert.java:629)
	at org.testng.Assert.assertEquals(Assert.java:639)
	at com.qa.test.HomePageTest.homePageTitleTest(HomePageTest.java:20)
	at java.base/jdk.internal.reflect.NativeMethodAccessorImpl.invoke0(Native Method)
	at java.base/jdk.internal.reflect.NativeMethodAccessorImpl.invoke(NativeMethodAccessorImpl.java:77)
	at java.base/jdk.internal.reflect.DelegatingMethodAccessorImpl.invoke(DelegatingMethodAccessorImpl.java:43)
	at java.base/java.lang.reflect.Method.invoke(Method.java:569)
	at org.testng.internal.MethodInvocationHelper.invokeMethod(MethodInvocationHelper.java:133)
	at org.testng.internal.TestInvoker.invokeMethod(TestInvoker.java:598)
	at org.testng.internal.TestInvoker.invokeTestMethod(TestInvoker.java:173)
	at org.testng.internal.MethodRunner.runInSequence(MethodRunner.java:46)
	at org.testng.internal.TestInvoker$MethodInvocationAgent.invoke(TestInvoker.java:824)
	at org.testng.internal.TestInvoker.invokeTestMethods(TestInvoker.java:146)
	at org.testng.internal.TestMethodWorker.invokeTestMethods(TestMethodWorker.java:146)
	at org.testng.internal.TestMethodWorker.run(TestMethodWorker.java:128)
	at java.base/java.util.ArrayList.forEach(ArrayList.java:1511)
	at org.testng.TestRunner.privateRun(TestRunner.java:794)
	at org.testng.TestRunner.run(TestRunner.java:596)
	at org.testng.SuiteRunner.runTest(SuiteRunner.java:377)
	at org.testng.SuiteRunner.runSequentially(SuiteRunner.java:371)
	at org.testng.SuiteRunner.privateRun(SuiteRunner.java:332)
	at org.testng.SuiteRunner.run(SuiteRunner.java:276)
	at org.testng.SuiteRunnerWorker.runSuite(SuiteRunnerWorker.java:53)
	at org.testng.SuiteRunnerWorker.run(SuiteRunnerWorker.java:96)
	at org.testng.TestNG.runSuitesSequentially(TestNG.java:1212)
	at org.testng.TestNG.runSuitesLocally(TestNG.java:1134)
	at org.testng.TestNG.runSuites(TestNG.java:1063)
	at org.testng.TestNG.run(TestNG.java:1031)
	at org.testng.remote.AbstractRemoteTestNG.run(AbstractRemoteTestNG.java:115)
	at org.testng.remote.RemoteTestNG.initAndRun(RemoteTestNG.java:293)
	at org.testng.remote.RemoteTestNG.main(RemoteTestNG.java:91)
</textarea>
          
    <div class="row mb-3"><div class="col-md-3">
<img data-featherlight='C:\Users\omgoyal\Playwright_Workspace\Automation/screenshots/1755243401945.png' src="C:\Users\omgoyal\Playwright_Workspace\Automation/screenshots/1755243401945.png">
    
    </div></div>
        </td>
      </tr>
  </tbody>
</table>
</div>
          </div>
        </li>
        <li class="test-item"  status="pass" test-id="2"
          author=""
          tag="HomePageTest"
          device="">
          <div class="test-detail">
            <p class="name">searchText</p>
            <p class="text-sm">
              <span>1:06:42 PM</span> / <span>00:00:00:966</span>
              <span class="badge pass-bg log float-right">Pass</span>
            </p>
          </div>
          <div class="test-contents d-none">
<div class="detail-head">
<div class="p-v-10">
<div class="info">
<h5 class="test-status text-pass">searchText</h5>
<span class='badge badge-success'>08.15.2025 1:06:42 PM</span>
<span class='badge badge-danger'>08.15.2025 1:06:43 PM</span>
<span class='badge badge-default'>00:00:00:966</span>
&middot; <span class='uri-anchor badge badge-default'>#test-id=2</span>
<span class='badge badge-default pointer float-right ml-1 et'><i class="fa fa-chevron-down"></i></span>
<span class='badge badge-default pointer float-right ct'><i class="fa fa-chevron-up"></i></span>
</div>
<div class="m-t-15"><span class="badge badge-pill badge-default">HomePageTest</span></div>
<div class="m-t-10 m-l-5"></div>
</div>
</div><div class="detail-body mt-4">
<table class="table table-sm">
  <thead><tr><th class="status-col">Status</th><th class="timestamp-col">Timestamp</th><th class="details-col">Details</th></tr></thead>
  <tbody>
      <tr class="event-row">
        <td><span class="badge log pass-bg">Pass</span></td>
        <td>1:06:43 PM</td>
        <td>
          Test passed!
        </td>
      </tr>
  </tbody>
</table>
</div>
          </div>
        </li>
        <li class="test-item"  status="pass" test-id="3"
          author=""
          tag="HomePageTest"
          device="">
          <div class="test-detail">
            <p class="name">searchText</p>
            <p class="text-sm">
              <span>1:06:43 PM</span> / <span>00:00:01:053</span>
              <span class="badge pass-bg log float-right">Pass</span>
            </p>
          </div>
          <div class="test-contents d-none">
<div class="detail-head">
<div class="p-v-10">
<div class="info">
<h5 class="test-status text-pass">searchText</h5>
<span class='badge badge-success'>08.15.2025 1:06:43 PM</span>
<span class='badge badge-danger'>08.15.2025 1:06:44 PM</span>
<span class='badge badge-default'>00:00:01:053</span>
&middot; <span class='uri-anchor badge badge-default'>#test-id=3</span>
<span class='badge badge-default pointer float-right ml-1 et'><i class="fa fa-chevron-down"></i></span>
<span class='badge badge-default pointer float-right ct'><i class="fa fa-chevron-up"></i></span>
</div>
<div class="m-t-15"><span class="badge badge-pill badge-default">HomePageTest</span></div>
<div class="m-t-10 m-l-5"></div>
</div>
</div><div class="detail-body mt-4">
<table class="table table-sm">
  <thead><tr><th class="status-col">Status</th><th class="timestamp-col">Timestamp</th><th class="details-col">Details</th></tr></thead>
  <tbody>
      <tr class="event-row">
        <td><span class="badge log pass-bg">Pass</span></td>
        <td>1:06:44 PM</td>
        <td>
          Test passed!
        </td>
      </tr>
  </tbody>
</table>
</div>
          </div>
        </li>
        <li class="test-item"  status="pass" test-id="4"
          author=""
          tag="HomePageTest"
          device="">
          <div class="test-detail">
            <p class="name">searchText</p>
            <p class="text-sm">
              <span>1:06:44 PM</span> / <span>00:00:00:951</span>
              <span class="badge pass-bg log float-right">Pass</span>
            </p>
          </div>
          <div class="test-contents d-none">
<div class="detail-head">
<div class="p-v-10">
<div class="info">
<h5 class="test-status text-pass">searchText</h5>
<span class='badge badge-success'>08.15.2025 1:06:44 PM</span>
<span class='badge badge-danger'>08.15.2025 1:06:45 PM</span>
<span class='badge badge-default'>00:00:00:951</span>
&middot; <span class='uri-anchor badge badge-default'>#test-id=4</span>
<span class='badge badge-default pointer float-right ml-1 et'><i class="fa fa-chevron-down"></i></span>
<span class='badge badge-default pointer float-right ct'><i class="fa fa-chevron-up"></i></span>
</div>
<div class="m-t-15"><span class="badge badge-pill badge-default">HomePageTest</span></div>
<div class="m-t-10 m-l-5"></div>
</div>
</div><div class="detail-body mt-4">
<table class="table table-sm">
  <thead><tr><th class="status-col">Status</th><th class="timestamp-col">Timestamp</th><th class="details-col">Details</th></tr></thead>
  <tbody>
      <tr class="event-row">
        <td><span class="badge log pass-bg">Pass</span></td>
        <td>1:06:45 PM</td>
        <td>
          Test passed!
        </td>
      </tr>
  </tbody>
</table>
</div>
          </div>
        </li>
        <li class="test-item"  status="pass" test-id="5"
          author=""
          tag="LoginPageTest"
          device="">
          <div class="test-detail">
            <p class="name">loginPageNavigationTest</p>
            <p class="text-sm">
              <span>1:06:53 PM</span> / <span>00:00:01:023</span>
              <span class="badge pass-bg log float-right">Pass</span>
            </p>
          </div>
          <div class="test-contents d-none">
<div class="detail-head">
<div class="p-v-10">
<div class="info">
<h5 class="test-status text-pass">loginPageNavigationTest</h5>
<span class='badge badge-success'>08.15.2025 1:06:53 PM</span>
<span class='badge badge-danger'>08.15.2025 1:06:54 PM</span>
<span class='badge badge-default'>00:00:01:023</span>
&middot; <span class='uri-anchor badge badge-default'>#test-id=5</span>
<span class='badge badge-default pointer float-right ml-1 et'><i class="fa fa-chevron-down"></i></span>
<span class='badge badge-default pointer float-right ct'><i class="fa fa-chevron-up"></i></span>
</div>
<div class="m-t-15"><span class="badge badge-pill badge-default">LoginPageTest</span></div>
<div class="m-t-10 m-l-5"></div>
</div>
</div><div class="detail-body mt-4">
<table class="table table-sm">
  <thead><tr><th class="status-col">Status</th><th class="timestamp-col">Timestamp</th><th class="details-col">Details</th></tr></thead>
  <tbody>
      <tr class="event-row">
        <td><span class="badge log pass-bg">Pass</span></td>
        <td>1:06:54 PM</td>
        <td>
          Test passed!
        </td>
      </tr>
  </tbody>
</table>
</div>
          </div>
        </li>
        <li class="test-item"  status="fail" test-id="6"
          author=""
          tag="LoginPageTest"
          device="">
          <div class="test-detail">
            <p class="name">loginPageNavigationTest1</p>
            <p class="text-sm">
              <span>1:06:54 PM</span> / <span>00:00:00:400</span>
              <span class="badge fail-bg log float-right">Fail</span>
            </p>
          </div>
          <div class="test-contents d-none">
<div class="detail-head">
<div class="p-v-10">
<div class="info">
<h5 class="test-status text-fail">loginPageNavigationTest1</h5>
<span class='badge badge-success'>08.15.2025 1:06:54 PM</span>
<span class='badge badge-danger'>08.15.2025 1:06:54 PM</span>
<span class='badge badge-default'>00:00:00:400</span>
&middot; <span class='uri-anchor badge badge-default'>#test-id=6</span>
<span class='badge badge-default pointer float-right ml-1 et'><i class="fa fa-chevron-down"></i></span>
<span class='badge badge-default pointer float-right ct'><i class="fa fa-chevron-up"></i></span>
</div>
<div class="m-t-15"><span class="badge badge-pill badge-default">LoginPageTest</span></div>
<div class="m-t-10 m-l-5"></div>
</div>
</div><div class="detail-body mt-4">
<table class="table table-sm">
  <thead><tr><th class="status-col">Status</th><th class="timestamp-col">Timestamp</th><th class="details-col">Details</th></tr></thead>
  <tbody>
      <tr class="event-row">
        <td><span class="badge log fail-bg">Fail</span></td>
        <td>1:06:55 PM</td>
        <td>
          <textarea readonly class="code-block">com.microsoft.playwright.PlaywrightException: Error {
  message='Error: strict mode violation: locator("a:text('Login')") resolved to 3 elements:
    1) <a href="https://naveenautomationlabs.com/opencart/index.php?route=account/login">Login</a> aka locator("#top-links").getByRole(AriaRole.LINK, new Locator.GetByRoleOptions().setName("Login"))
    2) <a href="https://naveenautomationlabs.com/opencart/index.php?route=account/login">Login</a> aka locator("#account-login").getByRole(AriaRole.LIST).getByRole(AriaRole.LINK, new Locator.GetByRoleOptions().setName("Login"))
    3) <a class="list-group-item" href="https://naveenautomationlabs.com/opencart/index.php?route=account/login">Login</a> aka locator("#column-right").getByRole(AriaRole.LINK, new Locator.GetByRoleOptions().setName("Login"))

  name='Error
  stack='Error: Error: strict mode violation: locator("a:text('Login')") resolved to 3 elements:
    1) <a href="https://naveenautomationlabs.com/opencart/index.php?route=account/login">Login</a> aka locator("#top-links").getByRole(AriaRole.LINK, new Locator.GetByRoleOptions().setName("Login"))
    2) <a href="https://naveenautomationlabs.com/opencart/index.php?route=account/login">Login</a> aka locator("#account-login").getByRole(AriaRole.LIST).getByRole(AriaRole.LINK, new Locator.GetByRoleOptions().setName("Login"))
    3) <a class="list-group-item" href="https://naveenautomationlabs.com/opencart/index.php?route=account/login">Login</a> aka locator("#column-right").getByRole(AriaRole.LINK, new Locator.GetByRoleOptions().setName("Login"))

    at checkException (C:\Users\omgoyal\AppData\Local\Temp\playwright-java-1084865523190056045\package\lib\server\firefox\ffExecutionContext.js:97:121)
    at FFExecutionContext.evaluateWithArguments (C:\Users\omgoyal\AppData\Local\Temp\playwright-java-1084865523190056045\package\lib\server\firefox\ffExecutionContext.js:73:5)
    at async LongStandingScope._race (C:\Users\omgoyal\AppData\Local\Temp\playwright-java-1084865523190056045\package\lib\utils\isomorphic\manualPromise.js:94:14)
    at async evaluateExpression (C:\Users\omgoyal\AppData\Local\Temp\playwright-java-1084865523190056045\package\lib\server\javascript.js:228:12)
    at async C:\Users\omgoyal\AppData\Local\Temp\playwright-java-1084865523190056045\package\lib\server\frames.js:646:22
    at async Frame.retryWithProgressAndTimeouts (C:\Users\omgoyal\AppData\Local\Temp\playwright-java-1084865523190056045\package\lib\server\frames.js:935:24)
    at async C:\Users\omgoyal\AppData\Local\Temp\playwright-java-1084865523190056045\package\lib\server\frames.js:631:14
    at async ProgressController.run (C:\Users\omgoyal\AppData\Local\Temp\playwright-java-1084865523190056045\package\lib\server\progress.js:79:22)
    at async FrameDispatcher.waitForSelector (C:\Users\omgoyal\AppData\Local\Temp\playwright-java-1084865523190056045\package\lib\server\dispatchers\frameDispatcher.js:105:85)
    at async LongStandingScope._race (C:\Users\omgoyal\AppData\Local\Temp\playwright-java-1084865523190056045\package\lib\utils\isomorphic\manualPromise.js:94:14)
}
Call log:
-   - waiting for locator("a:text('Login')") to be visible

	at com.microsoft.playwright.impl.WaitableResult.get(WaitableResult.java:56)
	at com.microsoft.playwright.impl.ChannelOwner.runUntil(ChannelOwner.java:132)
	at com.microsoft.playwright.impl.Connection.sendMessage(Connection.java:130)
	at com.microsoft.playwright.impl.ChannelOwner.sendMessage(ChannelOwner.java:118)
	at com.microsoft.playwright.impl.FrameImpl.waitForSelectorImpl(FrameImpl.java:1060)
	at com.microsoft.playwright.impl.LocatorImpl.lambda$waitForImpl$8(LocatorImpl.java:634)
	at com.microsoft.playwright.impl.LoggingSupport.withLogging(LoggingSupport.java:47)
	at com.microsoft.playwright.impl.ChannelOwner.withLogging(ChannelOwner.java:97)
	at com.microsoft.playwright.impl.LocatorImpl.waitForImpl(LocatorImpl.java:634)
	at com.microsoft.playwright.impl.LocatorImpl.waitFor(LocatorImpl.java:630)
	at com.qa.pages.HomePage.clickLoginButton(HomePage.java:86)
	at com.qa.test.LoginPageTest.loginPageNavigationTest1(LoginPageTest.java:24)
	at java.base/jdk.internal.reflect.NativeMethodAccessorImpl.invoke0(Native Method)
	at java.base/jdk.internal.reflect.NativeMethodAccessorImpl.invoke(NativeMethodAccessorImpl.java:77)
	at java.base/jdk.internal.reflect.DelegatingMethodAccessorImpl.invoke(DelegatingMethodAccessorImpl.java:43)
	at java.base/java.lang.reflect.Method.invoke(Method.java:569)
	at org.testng.internal.MethodInvocationHelper.invokeMethod(MethodInvocationHelper.java:133)
	at org.testng.internal.TestInvoker.invokeMethod(TestInvoker.java:598)
	at org.testng.internal.TestInvoker.invokeTestMethod(TestInvoker.java:173)
	at org.testng.internal.MethodRunner.runInSequence(MethodRunner.java:46)
	at org.testng.internal.TestInvoker$MethodInvocationAgent.invoke(TestInvoker.java:824)
	at org.testng.internal.TestInvoker.invokeTestMethods(TestInvoker.java:146)
	at org.testng.internal.TestMethodWorker.invokeTestMethods(TestMethodWorker.java:146)
	at org.testng.internal.TestMethodWorker.run(TestMethodWorker.java:128)
	at java.base/java.util.ArrayList.forEach(ArrayList.java:1511)
	at org.testng.TestRunner.privateRun(TestRunner.java:794)
	at org.testng.TestRunner.run(TestRunner.java:596)
	at org.testng.SuiteRunner.runTest(SuiteRunner.java:377)
	at org.testng.SuiteRunner.runSequentially(SuiteRunner.java:371)
	at org.testng.SuiteRunner.privateRun(SuiteRunner.java:332)
	at org.testng.SuiteRunner.run(SuiteRunner.java:276)
	at org.testng.SuiteRunnerWorker.runSuite(SuiteRunnerWorker.java:53)
	at org.testng.SuiteRunnerWorker.run(SuiteRunnerWorker.java:96)
	at org.testng.TestNG.runSuitesSequentially(TestNG.java:1212)
	at org.testng.TestNG.runSuitesLocally(TestNG.java:1134)
	at org.testng.TestNG.runSuites(TestNG.java:1063)
	at org.testng.TestNG.run(TestNG.java:1031)
	at org.testng.remote.AbstractRemoteTestNG.run(AbstractRemoteTestNG.java:115)
	at org.testng.remote.RemoteTestNG.initAndRun(RemoteTestNG.java:293)
	at org.testng.remote.RemoteTestNG.main(RemoteTestNG.java:91)
Caused by: com.microsoft.playwright.impl.DriverException: Error {
  message='Error: strict mode violation: locator("a:text('Login')") resolved to 3 elements:
    1) <a href="https://naveenautomationlabs.com/opencart/index.php?route=account/login">Login</a> aka locator("#top-links").getByRole(AriaRole.LINK, new Locator.GetByRoleOptions().setName("Login"))
    2) <a href="https://naveenautomationlabs.com/opencart/index.php?route=account/login">Login</a> aka locator("#account-login").getByRole(AriaRole.LIST).getByRole(AriaRole.LINK, new Locator.GetByRoleOptions().setName("Login"))
    3) <a class="list-group-item" href="https://naveenautomationlabs.com/opencart/index.php?route=account/login">Login</a> aka locator("#column-right").getByRole(AriaRole.LINK, new Locator.GetByRoleOptions().setName("Login"))

  name='Error
  stack='Error: Error: strict mode violation: locator("a:text('Login')") resolved to 3 elements:
    1) <a href="https://naveenautomationlabs.com/opencart/index.php?route=account/login">Login</a> aka locator("#top-links").getByRole(AriaRole.LINK, new Locator.GetByRoleOptions().setName("Login"))
    2) <a href="https://naveenautomationlabs.com/opencart/index.php?route=account/login">Login</a> aka locator("#account-login").getByRole(AriaRole.LIST).getByRole(AriaRole.LINK, new Locator.GetByRoleOptions().setName("Login"))
    3) <a class="list-group-item" href="https://naveenautomationlabs.com/opencart/index.php?route=account/login">Login</a> aka locator("#column-right").getByRole(AriaRole.LINK, new Locator.GetByRoleOptions().setName("Login"))

    at checkException (C:\Users\omgoyal\AppData\Local\Temp\playwright-java-1084865523190056045\package\lib\server\firefox\ffExecutionContext.js:97:121)
    at FFExecutionContext.evaluateWithArguments (C:\Users\omgoyal\AppData\Local\Temp\playwright-java-1084865523190056045\package\lib\server\firefox\ffExecutionContext.js:73:5)
    at async LongStandingScope._race (C:\Users\omgoyal\AppData\Local\Temp\playwright-java-1084865523190056045\package\lib\utils\isomorphic\manualPromise.js:94:14)
    at async evaluateExpression (C:\Users\omgoyal\AppData\Local\Temp\playwright-java-1084865523190056045\package\lib\server\javascript.js:228:12)
    at async C:\Users\omgoyal\AppData\Local\Temp\playwright-java-1084865523190056045\package\lib\server\frames.js:646:22
    at async Frame.retryWithProgressAndTimeouts (C:\Users\omgoyal\AppData\Local\Temp\playwright-java-1084865523190056045\package\lib\server\frames.js:935:24)
    at async C:\Users\omgoyal\AppData\Local\Temp\playwright-java-1084865523190056045\package\lib\server\frames.js:631:14
    at async ProgressController.run (C:\Users\omgoyal\AppData\Local\Temp\playwright-java-1084865523190056045\package\lib\server\progress.js:79:22)
    at async FrameDispatcher.waitForSelector (C:\Users\omgoyal\AppData\Local\Temp\playwright-java-1084865523190056045\package\lib\server\dispatchers\frameDispatcher.js:105:85)
    at async LongStandingScope._race (C:\Users\omgoyal\AppData\Local\Temp\playwright-java-1084865523190056045\package\lib\utils\isomorphic\manualPromise.js:94:14)
}
Call log:
-   - waiting for locator("a:text('Login')") to be visible

	at com.microsoft.playwright.impl.Connection.dispatch(Connection.java:259)
	at com.microsoft.playwright.impl.Connection.processOneMessage(Connection.java:211)
	at com.microsoft.playwright.impl.ChannelOwner.runUntil(ChannelOwner.java:130)
	... 38 more
</textarea>
          
    <div class="row mb-3"><div class="col-md-3">
<img data-featherlight='C:\Users\omgoyal\Playwright_Workspace\Automation/screenshots/1755243414970.png' src="C:\Users\omgoyal\Playwright_Workspace\Automation/screenshots/1755243414970.png">
    
    </div></div>
        </td>
      </tr>
  </tbody>
</table>
</div>
          </div>
        </li>
        <li class="test-item"  status="fail" test-id="7"
          author=""
          tag="LoginPageTest"
          device="">
          <div class="test-detail">
            <p class="name">loginPageNavigationTest2</p>
            <p class="text-sm">
              <span>1:06:55 PM</span> / <span>00:00:00:278</span>
              <span class="badge fail-bg log float-right">Fail</span>
            </p>
          </div>
          <div class="test-contents d-none">
<div class="detail-head">
<div class="p-v-10">
<div class="info">
<h5 class="test-status text-fail">loginPageNavigationTest2</h5>
<span class='badge badge-success'>08.15.2025 1:06:55 PM</span>
<span class='badge badge-danger'>08.15.2025 1:06:55 PM</span>
<span class='badge badge-default'>00:00:00:278</span>
&middot; <span class='uri-anchor badge badge-default'>#test-id=7</span>
<span class='badge badge-default pointer float-right ml-1 et'><i class="fa fa-chevron-down"></i></span>
<span class='badge badge-default pointer float-right ct'><i class="fa fa-chevron-up"></i></span>
</div>
<div class="m-t-15"><span class="badge badge-pill badge-default">LoginPageTest</span></div>
<div class="m-t-10 m-l-5"></div>
</div>
</div><div class="detail-body mt-4">
<table class="table table-sm">
  <thead><tr><th class="status-col">Status</th><th class="timestamp-col">Timestamp</th><th class="details-col">Details</th></tr></thead>
  <tbody>
      <tr class="event-row">
        <td><span class="badge log fail-bg">Fail</span></td>
        <td>1:06:55 PM</td>
        <td>
          <textarea readonly class="code-block">com.microsoft.playwright.PlaywrightException: Error {
  message='Error: strict mode violation: locator("a:text('Login')") resolved to 3 elements:
    1) <a href="https://naveenautomationlabs.com/opencart/index.php?route=account/login">Login</a> aka locator("#top-links").getByText("Login")
    2) <a href="https://naveenautomationlabs.com/opencart/index.php?route=account/login">Login</a> aka getByRole(AriaRole.LISTITEM).filter(new Locator.FilterOptions().setHasText(Pattern.compile("^Login$"))).getByRole(AriaRole.LINK)
    3) <a class="list-group-item" href="https://naveenautomationlabs.com/opencart/index.php?route=account/login">Login</a> aka locator("#column-right").getByRole(AriaRole.LINK, new Locator.GetByRoleOptions().setName("Login"))

  name='Error
  stack='Error: Error: strict mode violation: locator("a:text('Login')") resolved to 3 elements:
    1) <a href="https://naveenautomationlabs.com/opencart/index.php?route=account/login">Login</a> aka locator("#top-links").getByText("Login")
    2) <a href="https://naveenautomationlabs.com/opencart/index.php?route=account/login">Login</a> aka getByRole(AriaRole.LISTITEM).filter(new Locator.FilterOptions().setHasText(Pattern.compile("^Login$"))).getByRole(AriaRole.LINK)
    3) <a class="list-group-item" href="https://naveenautomationlabs.com/opencart/index.php?route=account/login">Login</a> aka locator("#column-right").getByRole(AriaRole.LINK, new Locator.GetByRoleOptions().setName("Login"))

    at checkException (C:\Users\omgoyal\AppData\Local\Temp\playwright-java-1084865523190056045\package\lib\server\firefox\ffExecutionContext.js:97:121)
    at FFExecutionContext.evaluateWithArguments (C:\Users\omgoyal\AppData\Local\Temp\playwright-java-1084865523190056045\package\lib\server\firefox\ffExecutionContext.js:73:5)
    at async LongStandingScope._race (C:\Users\omgoyal\AppData\Local\Temp\playwright-java-1084865523190056045\package\lib\utils\isomorphic\manualPromise.js:94:14)
    at async evaluateExpression (C:\Users\omgoyal\AppData\Local\Temp\playwright-java-1084865523190056045\package\lib\server\javascript.js:228:12)
    at async C:\Users\omgoyal\AppData\Local\Temp\playwright-java-1084865523190056045\package\lib\server\frames.js:646:22
    at async Frame.retryWithProgressAndTimeouts (C:\Users\omgoyal\AppData\Local\Temp\playwright-java-1084865523190056045\package\lib\server\frames.js:935:24)
    at async C:\Users\omgoyal\AppData\Local\Temp\playwright-java-1084865523190056045\package\lib\server\frames.js:631:14
    at async ProgressController.run (C:\Users\omgoyal\AppData\Local\Temp\playwright-java-1084865523190056045\package\lib\server\progress.js:79:22)
    at async FrameDispatcher.waitForSelector (C:\Users\omgoyal\AppData\Local\Temp\playwright-java-1084865523190056045\package\lib\server\dispatchers\frameDispatcher.js:105:85)
    at async LongStandingScope._race (C:\Users\omgoyal\AppData\Local\Temp\playwright-java-1084865523190056045\package\lib\utils\isomorphic\manualPromise.js:94:14)
}
Call log:
-   - waiting for locator("a:text('Login')") to be visible

	at com.microsoft.playwright.impl.WaitableResult.get(WaitableResult.java:56)
	at com.microsoft.playwright.impl.ChannelOwner.runUntil(ChannelOwner.java:132)
	at com.microsoft.playwright.impl.Connection.sendMessage(Connection.java:130)
	at com.microsoft.playwright.impl.ChannelOwner.sendMessage(ChannelOwner.java:118)
	at com.microsoft.playwright.impl.FrameImpl.waitForSelectorImpl(FrameImpl.java:1060)
	at com.microsoft.playwright.impl.LocatorImpl.lambda$waitForImpl$8(LocatorImpl.java:634)
	at com.microsoft.playwright.impl.LoggingSupport.withLogging(LoggingSupport.java:47)
	at com.microsoft.playwright.impl.ChannelOwner.withLogging(ChannelOwner.java:97)
	at com.microsoft.playwright.impl.LocatorImpl.waitForImpl(LocatorImpl.java:634)
	at com.microsoft.playwright.impl.LocatorImpl.waitFor(LocatorImpl.java:630)
	at com.qa.pages.HomePage.clickLoginButton(HomePage.java:86)
	at com.qa.test.LoginPageTest.loginPageNavigationTest2(LoginPageTest.java:35)
	at java.base/jdk.internal.reflect.NativeMethodAccessorImpl.invoke0(Native Method)
	at java.base/jdk.internal.reflect.NativeMethodAccessorImpl.invoke(NativeMethodAccessorImpl.java:77)
	at java.base/jdk.internal.reflect.DelegatingMethodAccessorImpl.invoke(DelegatingMethodAccessorImpl.java:43)
	at java.base/java.lang.reflect.Method.invoke(Method.java:569)
	at org.testng.internal.MethodInvocationHelper.invokeMethod(MethodInvocationHelper.java:133)
	at org.testng.internal.TestInvoker.invokeMethod(TestInvoker.java:598)
	at org.testng.internal.TestInvoker.invokeTestMethod(TestInvoker.java:173)
	at org.testng.internal.MethodRunner.runInSequence(MethodRunner.java:46)
	at org.testng.internal.TestInvoker$MethodInvocationAgent.invoke(TestInvoker.java:824)
	at org.testng.internal.TestInvoker.invokeTestMethods(TestInvoker.java:146)
	at org.testng.internal.TestMethodWorker.invokeTestMethods(TestMethodWorker.java:146)
	at org.testng.internal.TestMethodWorker.run(TestMethodWorker.java:128)
	at java.base/java.util.ArrayList.forEach(ArrayList.java:1511)
	at org.testng.TestRunner.privateRun(TestRunner.java:794)
	at org.testng.TestRunner.run(TestRunner.java:596)
	at org.testng.SuiteRunner.runTest(SuiteRunner.java:377)
	at org.testng.SuiteRunner.runSequentially(SuiteRunner.java:371)
	at org.testng.SuiteRunner.privateRun(SuiteRunner.java:332)
	at org.testng.SuiteRunner.run(SuiteRunner.java:276)
	at org.testng.SuiteRunnerWorker.runSuite(SuiteRunnerWorker.java:53)
	at org.testng.SuiteRunnerWorker.run(SuiteRunnerWorker.java:96)
	at org.testng.TestNG.runSuitesSequentially(TestNG.java:1212)
	at org.testng.TestNG.runSuitesLocally(TestNG.java:1134)
	at org.testng.TestNG.runSuites(TestNG.java:1063)
	at org.testng.TestNG.run(TestNG.java:1031)
	at org.testng.remote.AbstractRemoteTestNG.run(AbstractRemoteTestNG.java:115)
	at org.testng.remote.RemoteTestNG.initAndRun(RemoteTestNG.java:293)
	at org.testng.remote.RemoteTestNG.main(RemoteTestNG.java:91)
Caused by: com.microsoft.playwright.impl.DriverException: Error {
  message='Error: strict mode violation: locator("a:text('Login')") resolved to 3 elements:
    1) <a href="https://naveenautomationlabs.com/opencart/index.php?route=account/login">Login</a> aka locator("#top-links").getByText("Login")
    2) <a href="https://naveenautomationlabs.com/opencart/index.php?route=account/login">Login</a> aka getByRole(AriaRole.LISTITEM).filter(new Locator.FilterOptions().setHasText(Pattern.compile("^Login$"))).getByRole(AriaRole.LINK)
    3) <a class="list-group-item" href="https://naveenautomationlabs.com/opencart/index.php?route=account/login">Login</a> aka locator("#column-right").getByRole(AriaRole.LINK, new Locator.GetByRoleOptions().setName("Login"))

  name='Error
  stack='Error: Error: strict mode violation: locator("a:text('Login')") resolved to 3 elements:
    1) <a href="https://naveenautomationlabs.com/opencart/index.php?route=account/login">Login</a> aka locator("#top-links").getByText("Login")
    2) <a href="https://naveenautomationlabs.com/opencart/index.php?route=account/login">Login</a> aka getByRole(AriaRole.LISTITEM).filter(new Locator.FilterOptions().setHasText(Pattern.compile("^Login$"))).getByRole(AriaRole.LINK)
    3) <a class="list-group-item" href="https://naveenautomationlabs.com/opencart/index.php?route=account/login">Login</a> aka locator("#column-right").getByRole(AriaRole.LINK, new Locator.GetByRoleOptions().setName("Login"))

    at checkException (C:\Users\omgoyal\AppData\Local\Temp\playwright-java-1084865523190056045\package\lib\server\firefox\ffExecutionContext.js:97:121)
    at FFExecutionContext.evaluateWithArguments (C:\Users\omgoyal\AppData\Local\Temp\playwright-java-1084865523190056045\package\lib\server\firefox\ffExecutionContext.js:73:5)
    at async LongStandingScope._race (C:\Users\omgoyal\AppData\Local\Temp\playwright-java-1084865523190056045\package\lib\utils\isomorphic\manualPromise.js:94:14)
    at async evaluateExpression (C:\Users\omgoyal\AppData\Local\Temp\playwright-java-1084865523190056045\package\lib\server\javascript.js:228:12)
    at async C:\Users\omgoyal\AppData\Local\Temp\playwright-java-1084865523190056045\package\lib\server\frames.js:646:22
    at async Frame.retryWithProgressAndTimeouts (C:\Users\omgoyal\AppData\Local\Temp\playwright-java-1084865523190056045\package\lib\server\frames.js:935:24)
    at async C:\Users\omgoyal\AppData\Local\Temp\playwright-java-1084865523190056045\package\lib\server\frames.js:631:14
    at async ProgressController.run (C:\Users\omgoyal\AppData\Local\Temp\playwright-java-1084865523190056045\package\lib\server\progress.js:79:22)
    at async FrameDispatcher.waitForSelector (C:\Users\omgoyal\AppData\Local\Temp\playwright-java-1084865523190056045\package\lib\server\dispatchers\frameDispatcher.js:105:85)
    at async LongStandingScope._race (C:\Users\omgoyal\AppData\Local\Temp\playwright-java-1084865523190056045\package\lib\utils\isomorphic\manualPromise.js:94:14)
}
Call log:
-   - waiting for locator("a:text('Login')") to be visible

	at com.microsoft.playwright.impl.Connection.dispatch(Connection.java:259)
	at com.microsoft.playwright.impl.Connection.processOneMessage(Connection.java:211)
	at com.microsoft.playwright.impl.ChannelOwner.runUntil(ChannelOwner.java:130)
	... 38 more
</textarea>
          
    <div class="row mb-3"><div class="col-md-3">
<img data-featherlight='C:\Users\omgoyal\Playwright_Workspace\Automation/screenshots/1755243415319.png' src="C:\Users\omgoyal\Playwright_Workspace\Automation/screenshots/1755243415319.png">
    
    </div></div>
        </td>
      </tr>
  </tbody>
</table>
</div>
          </div>
        </li>
        <li class="test-item"  status="fail" test-id="8"
          author=""
          tag="HomePageTest"
          device="">
          <div class="test-detail">
            <p class="name">homePageTitleTest</p>
            <p class="text-sm">
              <span>1:07:01 PM</span> / <span>00:00:00:008</span>
              <span class="badge fail-bg log float-right">Fail</span>
            </p>
          </div>
          <div class="test-contents d-none">
<div class="detail-head">
<div class="p-v-10">
<div class="info">
<h5 class="test-status text-fail">homePageTitleTest</h5>
<span class='badge badge-success'>08.15.2025 1:07:01 PM</span>
<span class='badge badge-danger'>08.15.2025 1:07:01 PM</span>
<span class='badge badge-default'>00:00:00:008</span>
&middot; <span class='uri-anchor badge badge-default'>#test-id=8</span>
<span class='badge badge-default pointer float-right ml-1 et'><i class="fa fa-chevron-down"></i></span>
<span class='badge badge-default pointer float-right ct'><i class="fa fa-chevron-up"></i></span>
</div>
<div class="m-t-15"><span class="badge badge-pill badge-default">HomePageTest</span></div>
<div class="m-t-10 m-l-5"></div>
</div>
</div><div class="detail-body mt-4">
<table class="table table-sm">
  <thead><tr><th class="status-col">Status</th><th class="timestamp-col">Timestamp</th><th class="details-col">Details</th></tr></thead>
  <tbody>
      <tr class="event-row">
        <td><span class="badge log fail-bg">Fail</span></td>
        <td>1:07:01 PM</td>
        <td>
          <textarea readonly class="code-block">java.lang.AssertionError: expected [Your Stores] but found [Your Store]
	at org.testng.Assert.fail(Assert.java:99)
	at org.testng.Assert.failNotEquals(Assert.java:1037)
	at org.testng.Assert.assertEqualsImpl(Assert.java:140)
	at org.testng.Assert.assertEquals(Assert.java:122)
	at org.testng.Assert.assertEquals(Assert.java:629)
	at org.testng.Assert.assertEquals(Assert.java:639)
	at com.qa.test.HomePageTest.homePageTitleTest(HomePageTest.java:20)
	at java.base/jdk.internal.reflect.NativeMethodAccessorImpl.invoke0(Native Method)
	at java.base/jdk.internal.reflect.NativeMethodAccessorImpl.invoke(NativeMethodAccessorImpl.java:77)
	at java.base/jdk.internal.reflect.DelegatingMethodAccessorImpl.invoke(DelegatingMethodAccessorImpl.java:43)
	at java.base/java.lang.reflect.Method.invoke(Method.java:569)
	at org.testng.internal.MethodInvocationHelper.invokeMethod(MethodInvocationHelper.java:133)
	at org.testng.internal.TestInvoker.invokeMethod(TestInvoker.java:598)
	at org.testng.internal.TestInvoker.invokeTestMethod(TestInvoker.java:173)
	at org.testng.internal.MethodRunner.runInSequence(MethodRunner.java:46)
	at org.testng.internal.TestInvoker$MethodInvocationAgent.invoke(TestInvoker.java:824)
	at org.testng.internal.TestInvoker.invokeTestMethods(TestInvoker.java:146)
	at org.testng.internal.TestMethodWorker.invokeTestMethods(TestMethodWorker.java:146)
	at org.testng.internal.TestMethodWorker.run(TestMethodWorker.java:128)
	at java.base/java.util.ArrayList.forEach(ArrayList.java:1511)
	at org.testng.TestRunner.privateRun(TestRunner.java:794)
	at org.testng.TestRunner.run(TestRunner.java:596)
	at org.testng.SuiteRunner.runTest(SuiteRunner.java:377)
	at org.testng.SuiteRunner.runSequentially(SuiteRunner.java:371)
	at org.testng.SuiteRunner.privateRun(SuiteRunner.java:332)
	at org.testng.SuiteRunner.run(SuiteRunner.java:276)
	at org.testng.SuiteRunnerWorker.runSuite(SuiteRunnerWorker.java:53)
	at org.testng.SuiteRunnerWorker.run(SuiteRunnerWorker.java:96)
	at org.testng.TestNG.runSuitesSequentially(TestNG.java:1212)
	at org.testng.TestNG.runSuitesLocally(TestNG.java:1134)
	at org.testng.TestNG.runSuites(TestNG.java:1063)
	at org.testng.TestNG.run(TestNG.java:1031)
	at org.testng.remote.AbstractRemoteTestNG.run(AbstractRemoteTestNG.java:115)
	at org.testng.remote.RemoteTestNG.initAndRun(RemoteTestNG.java:293)
	at org.testng.remote.RemoteTestNG.main(RemoteTestNG.java:91)
</textarea>
          
    <div class="row mb-3"><div class="col-md-3">
<img data-featherlight='C:\Users\omgoyal\Playwright_Workspace\Automation/screenshots/1755243421456.png' src="C:\Users\omgoyal\Playwright_Workspace\Automation/screenshots/1755243421456.png">
    
    </div></div>
        </td>
      </tr>
  </tbody>
</table>
</div>
          </div>
        </li>
        <li class="test-item"  status="pass" test-id="9"
          author=""
          tag="HomePageTest"
          device="">
          <div class="test-detail">
            <p class="name">searchText</p>
            <p class="text-sm">
              <span>1:07:01 PM</span> / <span>00:00:02:334</span>
              <span class="badge pass-bg log float-right">Pass</span>
            </p>
          </div>
          <div class="test-contents d-none">
<div class="detail-head">
<div class="p-v-10">
<div class="info">
<h5 class="test-status text-pass">searchText</h5>
<span class='badge badge-success'>08.15.2025 1:07:01 PM</span>
<span class='badge badge-danger'>08.15.2025 1:07:04 PM</span>
<span class='badge badge-default'>00:00:02:334</span>
&middot; <span class='uri-anchor badge badge-default'>#test-id=9</span>
<span class='badge badge-default pointer float-right ml-1 et'><i class="fa fa-chevron-down"></i></span>
<span class='badge badge-default pointer float-right ct'><i class="fa fa-chevron-up"></i></span>
</div>
<div class="m-t-15"><span class="badge badge-pill badge-default">HomePageTest</span></div>
<div class="m-t-10 m-l-5"></div>
</div>
</div><div class="detail-body mt-4">
<table class="table table-sm">
  <thead><tr><th class="status-col">Status</th><th class="timestamp-col">Timestamp</th><th class="details-col">Details</th></tr></thead>
  <tbody>
      <tr class="event-row">
        <td><span class="badge log pass-bg">Pass</span></td>
        <td>1:07:04 PM</td>
        <td>
          Test passed!
        </td>
      </tr>
  </tbody>
</table>
</div>
          </div>
        </li>
        <li class="test-item"  status="pass" test-id="10"
          author=""
          tag="HomePageTest"
          device="">
          <div class="test-detail">
            <p class="name">searchText</p>
            <p class="text-sm">
              <span>1:07:04 PM</span> / <span>00:00:02:351</span>
              <span class="badge pass-bg log float-right">Pass</span>
            </p>
          </div>
          <div class="test-contents d-none">
<div class="detail-head">
<div class="p-v-10">
<div class="info">
<h5 class="test-status text-pass">searchText</h5>
<span class='badge badge-success'>08.15.2025 1:07:04 PM</span>
<span class='badge badge-danger'>08.15.2025 1:07:06 PM</span>
<span class='badge badge-default'>00:00:02:351</span>
&middot; <span class='uri-anchor badge badge-default'>#test-id=10</span>
<span class='badge badge-default pointer float-right ml-1 et'><i class="fa fa-chevron-down"></i></span>
<span class='badge badge-default pointer float-right ct'><i class="fa fa-chevron-up"></i></span>
</div>
<div class="m-t-15"><span class="badge badge-pill badge-default">HomePageTest</span></div>
<div class="m-t-10 m-l-5"></div>
</div>
</div><div class="detail-body mt-4">
<table class="table table-sm">
  <thead><tr><th class="status-col">Status</th><th class="timestamp-col">Timestamp</th><th class="details-col">Details</th></tr></thead>
  <tbody>
      <tr class="event-row">
        <td><span class="badge log pass-bg">Pass</span></td>
        <td>1:07:06 PM</td>
        <td>
          Test passed!
        </td>
      </tr>
  </tbody>
</table>
</div>
          </div>
        </li>
        <li class="test-item"  status="pass" test-id="11"
          author=""
          tag="HomePageTest"
          device="">
          <div class="test-detail">
            <p class="name">searchText</p>
            <p class="text-sm">
              <span>1:07:06 PM</span> / <span>00:00:02:355</span>
              <span class="badge pass-bg log float-right">Pass</span>
            </p>
          </div>
          <div class="test-contents d-none">
<div class="detail-head">
<div class="p-v-10">
<div class="info">
<h5 class="test-status text-pass">searchText</h5>
<span class='badge badge-success'>08.15.2025 1:07:06 PM</span>
<span class='badge badge-danger'>08.15.2025 1:07:08 PM</span>
<span class='badge badge-default'>00:00:02:355</span>
&middot; <span class='uri-anchor badge badge-default'>#test-id=11</span>
<span class='badge badge-default pointer float-right ml-1 et'><i class="fa fa-chevron-down"></i></span>
<span class='badge badge-default pointer float-right ct'><i class="fa fa-chevron-up"></i></span>
</div>
<div class="m-t-15"><span class="badge badge-pill badge-default">HomePageTest</span></div>
<div class="m-t-10 m-l-5"></div>
</div>
</div><div class="detail-body mt-4">
<table class="table table-sm">
  <thead><tr><th class="status-col">Status</th><th class="timestamp-col">Timestamp</th><th class="details-col">Details</th></tr></thead>
  <tbody>
      <tr class="event-row">
        <td><span class="badge log pass-bg">Pass</span></td>
        <td>1:07:08 PM</td>
        <td>
          Test passed!
        </td>
      </tr>
  </tbody>
</table>
</div>
          </div>
        </li>
        <li class="test-item"  status="pass" test-id="12"
          author=""
          tag="LoginPageTest"
          device="">
          <div class="test-detail">
            <p class="name">loginPageNavigationTest</p>
            <p class="text-sm">
              <span>1:07:22 PM</span> / <span>00:00:02:051</span>
              <span class="badge pass-bg log float-right">Pass</span>
            </p>
          </div>
          <div class="test-contents d-none">
<div class="detail-head">
<div class="p-v-10">
<div class="info">
<h5 class="test-status text-pass">loginPageNavigationTest</h5>
<span class='badge badge-success'>08.15.2025 1:07:22 PM</span>
<span class='badge badge-danger'>08.15.2025 1:07:24 PM</span>
<span class='badge badge-default'>00:00:02:051</span>
&middot; <span class='uri-anchor badge badge-default'>#test-id=12</span>
<span class='badge badge-default pointer float-right ml-1 et'><i class="fa fa-chevron-down"></i></span>
<span class='badge badge-default pointer float-right ct'><i class="fa fa-chevron-up"></i></span>
</div>
<div class="m-t-15"><span class="badge badge-pill badge-default">LoginPageTest</span></div>
<div class="m-t-10 m-l-5"></div>
</div>
</div><div class="detail-body mt-4">
<table class="table table-sm">
  <thead><tr><th class="status-col">Status</th><th class="timestamp-col">Timestamp</th><th class="details-col">Details</th></tr></thead>
  <tbody>
      <tr class="event-row">
        <td><span class="badge log pass-bg">Pass</span></td>
        <td>1:07:24 PM</td>
        <td>
          Test passed!
        </td>
      </tr>
  </tbody>
</table>
</div>
          </div>
        </li>
        <li class="test-item"  status="fail" test-id="13"
          author=""
          tag="LoginPageTest"
          device="">
          <div class="test-detail">
            <p class="name">loginPageNavigationTest1</p>
            <p class="text-sm">
              <span>1:07:24 PM</span> / <span>00:00:00:266</span>
              <span class="badge fail-bg log float-right">Fail</span>
            </p>
          </div>
          <div class="test-contents d-none">
<div class="detail-head">
<div class="p-v-10">
<div class="info">
<h5 class="test-status text-fail">loginPageNavigationTest1</h5>
<span class='badge badge-success'>08.15.2025 1:07:24 PM</span>
<span class='badge badge-danger'>08.15.2025 1:07:25 PM</span>
<span class='badge badge-default'>00:00:00:266</span>
&middot; <span class='uri-anchor badge badge-default'>#test-id=13</span>
<span class='badge badge-default pointer float-right ml-1 et'><i class="fa fa-chevron-down"></i></span>
<span class='badge badge-default pointer float-right ct'><i class="fa fa-chevron-up"></i></span>
</div>
<div class="m-t-15"><span class="badge badge-pill badge-default">LoginPageTest</span></div>
<div class="m-t-10 m-l-5"></div>
</div>
</div><div class="detail-body mt-4">
<table class="table table-sm">
  <thead><tr><th class="status-col">Status</th><th class="timestamp-col">Timestamp</th><th class="details-col">Details</th></tr></thead>
  <tbody>
      <tr class="event-row">
        <td><span class="badge log fail-bg">Fail</span></td>
        <td>1:07:25 PM</td>
        <td>
          <textarea readonly class="code-block">com.microsoft.playwright.PlaywrightException: Error {
  message='Error: strict mode violation: locator("a:text('Login')") resolved to 3 elements:
    1) <a href="https://naveenautomationlabs.com/opencart/index.php?route=account/login">Login</a> aka locator("#top-links").getByRole(AriaRole.LINK, new Locator.GetByRoleOptions().setName("Login"))
    2) <a href="https://naveenautomationlabs.com/opencart/index.php?route=account/login">Login</a> aka locator("#account-login").getByRole(AriaRole.LIST).getByRole(AriaRole.LINK, new Locator.GetByRoleOptions().setName("Login"))
    3) <a class="list-group-item" href="https://naveenautomationlabs.com/opencart/index.php?route=account/login">Login</a> aka locator("#column-right").getByRole(AriaRole.LINK, new Locator.GetByRoleOptions().setName("Login"))

  name='Error
  stack='Error: Error: strict mode violation: locator("a:text('Login')") resolved to 3 elements:
    1) <a href="https://naveenautomationlabs.com/opencart/index.php?route=account/login">Login</a> aka locator("#top-links").getByRole(AriaRole.LINK, new Locator.GetByRoleOptions().setName("Login"))
    2) <a href="https://naveenautomationlabs.com/opencart/index.php?route=account/login">Login</a> aka locator("#account-login").getByRole(AriaRole.LIST).getByRole(AriaRole.LINK, new Locator.GetByRoleOptions().setName("Login"))
    3) <a class="list-group-item" href="https://naveenautomationlabs.com/opencart/index.php?route=account/login">Login</a> aka locator("#column-right").getByRole(AriaRole.LINK, new Locator.GetByRoleOptions().setName("Login"))

    at WKExecutionContext.evaluateWithArguments (C:\Users\omgoyal\AppData\Local\Temp\playwright-java-1084865523190056045\package\lib\server\webkit\wkExecutionContext.js:81:37)
    at async LongStandingScope._race (C:\Users\omgoyal\AppData\Local\Temp\playwright-java-1084865523190056045\package\lib\utils\isomorphic\manualPromise.js:94:14)
    at async evaluateExpression (C:\Users\omgoyal\AppData\Local\Temp\playwright-java-1084865523190056045\package\lib\server\javascript.js:228:12)
    at async C:\Users\omgoyal\AppData\Local\Temp\playwright-java-1084865523190056045\package\lib\server\frames.js:646:22
    at async Frame.retryWithProgressAndTimeouts (C:\Users\omgoyal\AppData\Local\Temp\playwright-java-1084865523190056045\package\lib\server\frames.js:935:24)
    at async C:\Users\omgoyal\AppData\Local\Temp\playwright-java-1084865523190056045\package\lib\server\frames.js:631:14
    at async ProgressController.run (C:\Users\omgoyal\AppData\Local\Temp\playwright-java-1084865523190056045\package\lib\server\progress.js:79:22)
    at async FrameDispatcher.waitForSelector (C:\Users\omgoyal\AppData\Local\Temp\playwright-java-1084865523190056045\package\lib\server\dispatchers\frameDispatcher.js:105:85)
    at async LongStandingScope._race (C:\Users\omgoyal\AppData\Local\Temp\playwright-java-1084865523190056045\package\lib\utils\isomorphic\manualPromise.js:94:14)
    at async FrameDispatcher._handleCommand (C:\Users\omgoyal\AppData\Local\Temp\playwright-java-1084865523190056045\package\lib\server\dispatchers\dispatcher.js:98:14)
}
Call log:
-   - waiting for locator("a:text('Login')") to be visible

	at com.microsoft.playwright.impl.WaitableResult.get(WaitableResult.java:56)
	at com.microsoft.playwright.impl.ChannelOwner.runUntil(ChannelOwner.java:132)
	at com.microsoft.playwright.impl.Connection.sendMessage(Connection.java:130)
	at com.microsoft.playwright.impl.ChannelOwner.sendMessage(ChannelOwner.java:118)
	at com.microsoft.playwright.impl.FrameImpl.waitForSelectorImpl(FrameImpl.java:1060)
	at com.microsoft.playwright.impl.LocatorImpl.lambda$waitForImpl$8(LocatorImpl.java:634)
	at com.microsoft.playwright.impl.LoggingSupport.withLogging(LoggingSupport.java:47)
	at com.microsoft.playwright.impl.ChannelOwner.withLogging(ChannelOwner.java:97)
	at com.microsoft.playwright.impl.LocatorImpl.waitForImpl(LocatorImpl.java:634)
	at com.microsoft.playwright.impl.LocatorImpl.waitFor(LocatorImpl.java:630)
	at com.qa.pages.HomePage.clickLoginButton(HomePage.java:86)
	at com.qa.test.LoginPageTest.loginPageNavigationTest1(LoginPageTest.java:24)
	at java.base/jdk.internal.reflect.NativeMethodAccessorImpl.invoke0(Native Method)
	at java.base/jdk.internal.reflect.NativeMethodAccessorImpl.invoke(NativeMethodAccessorImpl.java:77)
	at java.base/jdk.internal.reflect.DelegatingMethodAccessorImpl.invoke(DelegatingMethodAccessorImpl.java:43)
	at java.base/java.lang.reflect.Method.invoke(Method.java:569)
	at org.testng.internal.MethodInvocationHelper.invokeMethod(MethodInvocationHelper.java:133)
	at org.testng.internal.TestInvoker.invokeMethod(TestInvoker.java:598)
	at org.testng.internal.TestInvoker.invokeTestMethod(TestInvoker.java:173)
	at org.testng.internal.MethodRunner.runInSequence(MethodRunner.java:46)
	at org.testng.internal.TestInvoker$MethodInvocationAgent.invoke(TestInvoker.java:824)
	at org.testng.internal.TestInvoker.invokeTestMethods(TestInvoker.java:146)
	at org.testng.internal.TestMethodWorker.invokeTestMethods(TestMethodWorker.java:146)
	at org.testng.internal.TestMethodWorker.run(TestMethodWorker.java:128)
	at java.base/java.util.ArrayList.forEach(ArrayList.java:1511)
	at org.testng.TestRunner.privateRun(TestRunner.java:794)
	at org.testng.TestRunner.run(TestRunner.java:596)
	at org.testng.SuiteRunner.runTest(SuiteRunner.java:377)
	at org.testng.SuiteRunner.runSequentially(SuiteRunner.java:371)
	at org.testng.SuiteRunner.privateRun(SuiteRunner.java:332)
	at org.testng.SuiteRunner.run(SuiteRunner.java:276)
	at org.testng.SuiteRunnerWorker.runSuite(SuiteRunnerWorker.java:53)
	at org.testng.SuiteRunnerWorker.run(SuiteRunnerWorker.java:96)
	at org.testng.TestNG.runSuitesSequentially(TestNG.java:1212)
	at org.testng.TestNG.runSuitesLocally(TestNG.java:1134)
	at org.testng.TestNG.runSuites(TestNG.java:1063)
	at org.testng.TestNG.run(TestNG.java:1031)
	at org.testng.remote.AbstractRemoteTestNG.run(AbstractRemoteTestNG.java:115)
	at org.testng.remote.RemoteTestNG.initAndRun(RemoteTestNG.java:293)
	at org.testng.remote.RemoteTestNG.main(RemoteTestNG.java:91)
Caused by: com.microsoft.playwright.impl.DriverException: Error {
  message='Error: strict mode violation: locator("a:text('Login')") resolved to 3 elements:
    1) <a href="https://naveenautomationlabs.com/opencart/index.php?route=account/login">Login</a> aka locator("#top-links").getByRole(AriaRole.LINK, new Locator.GetByRoleOptions().setName("Login"))
    2) <a href="https://naveenautomationlabs.com/opencart/index.php?route=account/login">Login</a> aka locator("#account-login").getByRole(AriaRole.LIST).getByRole(AriaRole.LINK, new Locator.GetByRoleOptions().setName("Login"))
    3) <a class="list-group-item" href="https://naveenautomationlabs.com/opencart/index.php?route=account/login">Login</a> aka locator("#column-right").getByRole(AriaRole.LINK, new Locator.GetByRoleOptions().setName("Login"))

  name='Error
  stack='Error: Error: strict mode violation: locator("a:text('Login')") resolved to 3 elements:
    1) <a href="https://naveenautomationlabs.com/opencart/index.php?route=account/login">Login</a> aka locator("#top-links").getByRole(AriaRole.LINK, new Locator.GetByRoleOptions().setName("Login"))
    2) <a href="https://naveenautomationlabs.com/opencart/index.php?route=account/login">Login</a> aka locator("#account-login").getByRole(AriaRole.LIST).getByRole(AriaRole.LINK, new Locator.GetByRoleOptions().setName("Login"))
    3) <a class="list-group-item" href="https://naveenautomationlabs.com/opencart/index.php?route=account/login">Login</a> aka locator("#column-right").getByRole(AriaRole.LINK, new Locator.GetByRoleOptions().setName("Login"))

    at WKExecutionContext.evaluateWithArguments (C:\Users\omgoyal\AppData\Local\Temp\playwright-java-1084865523190056045\package\lib\server\webkit\wkExecutionContext.js:81:37)
    at async LongStandingScope._race (C:\Users\omgoyal\AppData\Local\Temp\playwright-java-1084865523190056045\package\lib\utils\isomorphic\manualPromise.js:94:14)
    at async evaluateExpression (C:\Users\omgoyal\AppData\Local\Temp\playwright-java-1084865523190056045\package\lib\server\javascript.js:228:12)
    at async C:\Users\omgoyal\AppData\Local\Temp\playwright-java-1084865523190056045\package\lib\server\frames.js:646:22
    at async Frame.retryWithProgressAndTimeouts (C:\Users\omgoyal\AppData\Local\Temp\playwright-java-1084865523190056045\package\lib\server\frames.js:935:24)
    at async C:\Users\omgoyal\AppData\Local\Temp\playwright-java-1084865523190056045\package\lib\server\frames.js:631:14
    at async ProgressController.run (C:\Users\omgoyal\AppData\Local\Temp\playwright-java-1084865523190056045\package\lib\server\progress.js:79:22)
    at async FrameDispatcher.waitForSelector (C:\Users\omgoyal\AppData\Local\Temp\playwright-java-1084865523190056045\package\lib\server\dispatchers\frameDispatcher.js:105:85)
    at async LongStandingScope._race (C:\Users\omgoyal\AppData\Local\Temp\playwright-java-1084865523190056045\package\lib\utils\isomorphic\manualPromise.js:94:14)
    at async FrameDispatcher._handleCommand (C:\Users\omgoyal\AppData\Local\Temp\playwright-java-1084865523190056045\package\lib\server\dispatchers\dispatcher.js:98:14)
}
Call log:
-   - waiting for locator("a:text('Login')") to be visible

	at com.microsoft.playwright.impl.Connection.dispatch(Connection.java:259)
	at com.microsoft.playwright.impl.Connection.processOneMessage(Connection.java:211)
	at com.microsoft.playwright.impl.ChannelOwner.runUntil(ChannelOwner.java:130)
	... 38 more
</textarea>
          
    <div class="row mb-3"><div class="col-md-3">
<img data-featherlight='C:\Users\omgoyal\Playwright_Workspace\Automation/screenshots/1755243445182.png' src="C:\Users\omgoyal\Playwright_Workspace\Automation/screenshots/1755243445182.png">
    
    </div></div>
        </td>
      </tr>
  </tbody>
</table>
</div>
          </div>
        </li>
        <li class="test-item"  status="fail" test-id="14"
          author=""
          tag="LoginPageTest"
          device="">
          <div class="test-detail">
            <p class="name">loginPageNavigationTest2</p>
            <p class="text-sm">
              <span>1:07:25 PM</span> / <span>00:00:00:189</span>
              <span class="badge fail-bg log float-right">Fail</span>
            </p>
          </div>
          <div class="test-contents d-none">
<div class="detail-head">
<div class="p-v-10">
<div class="info">
<h5 class="test-status text-fail">loginPageNavigationTest2</h5>
<span class='badge badge-success'>08.15.2025 1:07:25 PM</span>
<span class='badge badge-danger'>08.15.2025 1:07:25 PM</span>
<span class='badge badge-default'>00:00:00:189</span>
&middot; <span class='uri-anchor badge badge-default'>#test-id=14</span>
<span class='badge badge-default pointer float-right ml-1 et'><i class="fa fa-chevron-down"></i></span>
<span class='badge badge-default pointer float-right ct'><i class="fa fa-chevron-up"></i></span>
</div>
<div class="m-t-15"><span class="badge badge-pill badge-default">LoginPageTest</span></div>
<div class="m-t-10 m-l-5"></div>
</div>
</div><div class="detail-body mt-4">
<table class="table table-sm">
  <thead><tr><th class="status-col">Status</th><th class="timestamp-col">Timestamp</th><th class="details-col">Details</th></tr></thead>
  <tbody>
      <tr class="event-row">
        <td><span class="badge log fail-bg">Fail</span></td>
        <td>1:07:25 PM</td>
        <td>
          <textarea readonly class="code-block">com.microsoft.playwright.PlaywrightException: Error {
  message='Error: strict mode violation: locator("a:text('Login')") resolved to 3 elements:
    1) <a href="https://naveenautomationlabs.com/opencart/index.php?route=account/login">Login</a> aka locator("#top-links").getByText("Login")
    2) <a href="https://naveenautomationlabs.com/opencart/index.php?route=account/login">Login</a> aka getByRole(AriaRole.LISTITEM).filter(new Locator.FilterOptions().setHasText(Pattern.compile("^Login$"))).getByRole(AriaRole.LINK)
    3) <a class="list-group-item" href="https://naveenautomationlabs.com/opencart/index.php?route=account/login">Login</a> aka locator("#column-right").getByRole(AriaRole.LINK, new Locator.GetByRoleOptions().setName("Login"))

  name='Error
  stack='Error: Error: strict mode violation: locator("a:text('Login')") resolved to 3 elements:
    1) <a href="https://naveenautomationlabs.com/opencart/index.php?route=account/login">Login</a> aka locator("#top-links").getByText("Login")
    2) <a href="https://naveenautomationlabs.com/opencart/index.php?route=account/login">Login</a> aka getByRole(AriaRole.LISTITEM).filter(new Locator.FilterOptions().setHasText(Pattern.compile("^Login$"))).getByRole(AriaRole.LINK)
    3) <a class="list-group-item" href="https://naveenautomationlabs.com/opencart/index.php?route=account/login">Login</a> aka locator("#column-right").getByRole(AriaRole.LINK, new Locator.GetByRoleOptions().setName("Login"))

    at WKExecutionContext.evaluateWithArguments (C:\Users\omgoyal\AppData\Local\Temp\playwright-java-1084865523190056045\package\lib\server\webkit\wkExecutionContext.js:81:37)
    at async LongStandingScope._race (C:\Users\omgoyal\AppData\Local\Temp\playwright-java-1084865523190056045\package\lib\utils\isomorphic\manualPromise.js:94:14)
    at async evaluateExpression (C:\Users\omgoyal\AppData\Local\Temp\playwright-java-1084865523190056045\package\lib\server\javascript.js:228:12)
    at async C:\Users\omgoyal\AppData\Local\Temp\playwright-java-1084865523190056045\package\lib\server\frames.js:646:22
    at async Frame.retryWithProgressAndTimeouts (C:\Users\omgoyal\AppData\Local\Temp\playwright-java-1084865523190056045\package\lib\server\frames.js:935:24)
    at async C:\Users\omgoyal\AppData\Local\Temp\playwright-java-1084865523190056045\package\lib\server\frames.js:631:14
    at async ProgressController.run (C:\Users\omgoyal\AppData\Local\Temp\playwright-java-1084865523190056045\package\lib\server\progress.js:79:22)
    at async FrameDispatcher.waitForSelector (C:\Users\omgoyal\AppData\Local\Temp\playwright-java-1084865523190056045\package\lib\server\dispatchers\frameDispatcher.js:105:85)
    at async LongStandingScope._race (C:\Users\omgoyal\AppData\Local\Temp\playwright-java-1084865523190056045\package\lib\utils\isomorphic\manualPromise.js:94:14)
    at async FrameDispatcher._handleCommand (C:\Users\omgoyal\AppData\Local\Temp\playwright-java-1084865523190056045\package\lib\server\dispatchers\dispatcher.js:98:14)
}
Call log:
-   - waiting for locator("a:text('Login')") to be visible

	at com.microsoft.playwright.impl.WaitableResult.get(WaitableResult.java:56)
	at com.microsoft.playwright.impl.ChannelOwner.runUntil(ChannelOwner.java:132)
	at com.microsoft.playwright.impl.Connection.sendMessage(Connection.java:130)
	at com.microsoft.playwright.impl.ChannelOwner.sendMessage(ChannelOwner.java:118)
	at com.microsoft.playwright.impl.FrameImpl.waitForSelectorImpl(FrameImpl.java:1060)
	at com.microsoft.playwright.impl.LocatorImpl.lambda$waitForImpl$8(LocatorImpl.java:634)
	at com.microsoft.playwright.impl.LoggingSupport.withLogging(LoggingSupport.java:47)
	at com.microsoft.playwright.impl.ChannelOwner.withLogging(ChannelOwner.java:97)
	at com.microsoft.playwright.impl.LocatorImpl.waitForImpl(LocatorImpl.java:634)
	at com.microsoft.playwright.impl.LocatorImpl.waitFor(LocatorImpl.java:630)
	at com.qa.pages.HomePage.clickLoginButton(HomePage.java:86)
	at com.qa.test.LoginPageTest.loginPageNavigationTest2(LoginPageTest.java:35)
	at java.base/jdk.internal.reflect.NativeMethodAccessorImpl.invoke0(Native Method)
	at java.base/jdk.internal.reflect.NativeMethodAccessorImpl.invoke(NativeMethodAccessorImpl.java:77)
	at java.base/jdk.internal.reflect.DelegatingMethodAccessorImpl.invoke(DelegatingMethodAccessorImpl.java:43)
	at java.base/java.lang.reflect.Method.invoke(Method.java:569)
	at org.testng.internal.MethodInvocationHelper.invokeMethod(MethodInvocationHelper.java:133)
	at org.testng.internal.TestInvoker.invokeMethod(TestInvoker.java:598)
	at org.testng.internal.TestInvoker.invokeTestMethod(TestInvoker.java:173)
	at org.testng.internal.MethodRunner.runInSequence(MethodRunner.java:46)
	at org.testng.internal.TestInvoker$MethodInvocationAgent.invoke(TestInvoker.java:824)
	at org.testng.internal.TestInvoker.invokeTestMethods(TestInvoker.java:146)
	at org.testng.internal.TestMethodWorker.invokeTestMethods(TestMethodWorker.java:146)
	at org.testng.internal.TestMethodWorker.run(TestMethodWorker.java:128)
	at java.base/java.util.ArrayList.forEach(ArrayList.java:1511)
	at org.testng.TestRunner.privateRun(TestRunner.java:794)
	at org.testng.TestRunner.run(TestRunner.java:596)
	at org.testng.SuiteRunner.runTest(SuiteRunner.java:377)
	at org.testng.SuiteRunner.runSequentially(SuiteRunner.java:371)
	at org.testng.SuiteRunner.privateRun(SuiteRunner.java:332)
	at org.testng.SuiteRunner.run(SuiteRunner.java:276)
	at org.testng.SuiteRunnerWorker.runSuite(SuiteRunnerWorker.java:53)
	at org.testng.SuiteRunnerWorker.run(SuiteRunnerWorker.java:96)
	at org.testng.TestNG.runSuitesSequentially(TestNG.java:1212)
	at org.testng.TestNG.runSuitesLocally(TestNG.java:1134)
	at org.testng.TestNG.runSuites(TestNG.java:1063)
	at org.testng.TestNG.run(TestNG.java:1031)
	at org.testng.remote.AbstractRemoteTestNG.run(AbstractRemoteTestNG.java:115)
	at org.testng.remote.RemoteTestNG.initAndRun(RemoteTestNG.java:293)
	at org.testng.remote.RemoteTestNG.main(RemoteTestNG.java:91)
Caused by: com.microsoft.playwright.impl.DriverException: Error {
  message='Error: strict mode violation: locator("a:text('Login')") resolved to 3 elements:
    1) <a href="https://naveenautomationlabs.com/opencart/index.php?route=account/login">Login</a> aka locator("#top-links").getByText("Login")
    2) <a href="https://naveenautomationlabs.com/opencart/index.php?route=account/login">Login</a> aka getByRole(AriaRole.LISTITEM).filter(new Locator.FilterOptions().setHasText(Pattern.compile("^Login$"))).getByRole(AriaRole.LINK)
    3) <a class="list-group-item" href="https://naveenautomationlabs.com/opencart/index.php?route=account/login">Login</a> aka locator("#column-right").getByRole(AriaRole.LINK, new Locator.GetByRoleOptions().setName("Login"))

  name='Error
  stack='Error: Error: strict mode violation: locator("a:text('Login')") resolved to 3 elements:
    1) <a href="https://naveenautomationlabs.com/opencart/index.php?route=account/login">Login</a> aka locator("#top-links").getByText("Login")
    2) <a href="https://naveenautomationlabs.com/opencart/index.php?route=account/login">Login</a> aka getByRole(AriaRole.LISTITEM).filter(new Locator.FilterOptions().setHasText(Pattern.compile("^Login$"))).getByRole(AriaRole.LINK)
    3) <a class="list-group-item" href="https://naveenautomationlabs.com/opencart/index.php?route=account/login">Login</a> aka locator("#column-right").getByRole(AriaRole.LINK, new Locator.GetByRoleOptions().setName("Login"))

    at WKExecutionContext.evaluateWithArguments (C:\Users\omgoyal\AppData\Local\Temp\playwright-java-1084865523190056045\package\lib\server\webkit\wkExecutionContext.js:81:37)
    at async LongStandingScope._race (C:\Users\omgoyal\AppData\Local\Temp\playwright-java-1084865523190056045\package\lib\utils\isomorphic\manualPromise.js:94:14)
    at async evaluateExpression (C:\Users\omgoyal\AppData\Local\Temp\playwright-java-1084865523190056045\package\lib\server\javascript.js:228:12)
    at async C:\Users\omgoyal\AppData\Local\Temp\playwright-java-1084865523190056045\package\lib\server\frames.js:646:22
    at async Frame.retryWithProgressAndTimeouts (C:\Users\omgoyal\AppData\Local\Temp\playwright-java-1084865523190056045\package\lib\server\frames.js:935:24)
    at async C:\Users\omgoyal\AppData\Local\Temp\playwright-java-1084865523190056045\package\lib\server\frames.js:631:14
    at async ProgressController.run (C:\Users\omgoyal\AppData\Local\Temp\playwright-java-1084865523190056045\package\lib\server\progress.js:79:22)
    at async FrameDispatcher.waitForSelector (C:\Users\omgoyal\AppData\Local\Temp\playwright-java-1084865523190056045\package\lib\server\dispatchers\frameDispatcher.js:105:85)
    at async LongStandingScope._race (C:\Users\omgoyal\AppData\Local\Temp\playwright-java-1084865523190056045\package\lib\utils\isomorphic\manualPromise.js:94:14)
    at async FrameDispatcher._handleCommand (C:\Users\omgoyal\AppData\Local\Temp\playwright-java-1084865523190056045\package\lib\server\dispatchers\dispatcher.js:98:14)
}
Call log:
-   - waiting for locator("a:text('Login')") to be visible

	at com.microsoft.playwright.impl.Connection.dispatch(Connection.java:259)
	at com.microsoft.playwright.impl.Connection.processOneMessage(Connection.java:211)
	at com.microsoft.playwright.impl.ChannelOwner.runUntil(ChannelOwner.java:130)
	... 38 more
</textarea>
          
    <div class="row mb-3"><div class="col-md-3">
<img data-featherlight='C:\Users\omgoyal\Playwright_Workspace\Automation/screenshots/1755243445491.png' src="C:\Users\omgoyal\Playwright_Workspace\Automation/screenshots/1755243445491.png">
    
    </div></div>
        </td>
      </tr>
  </tbody>
</table>
</div>
          </div>
        </li>
      </ul>
    </div>
  </div>
<div class="test-content scrollable">
<div class="test-content-tools">
<ul><li><a class="back-to-test" href="#"><i class="fa fa-arrow-left"></i></a></li></ul>
</div>
<div class="test-content-detail"><div class="detail-body"></div></div>
</div></div>
<div class="test-wrapper row view exception-view attributes-view">
<div class="test-list">
<div class="test-list-tools">
<ul class="tools pull-left"><li><a href=""><span class="font-size-14">Exception</span></a></li></ul>
<ul class="tools text-right"><li><a href="#"><span class="badge badge-primary">2</span></a></li></ul>
</div>
<div class="test-list-wrapper scrollable">
<ul class="test-list-item">
<li class="test-item">
<div class="test-detail">
<span class="meta">
<span class='badge log badge-danger'>2</span>
</span>
<p class="name">java.lang.AssertionError</p>
<p class="duration text-sm">2 tests</p>
</div>
<div class="test-contents d-none">
<div class="info">
<h4>java.lang.AssertionError</h4>
<span status="fail" class='badge log badge-danger'>2 failed</span>
</div>
<table class='table table-sm mt-4'>
<thead>
<tr>
<th class="status-col">Status</th>
<th class="timestamp-col">Timestamp</th>
<th>TestName</th>
</tr>
</thead>
<tbody>
<tr class="tag-test-status" status="fail">
<td><span class="badge log fail-bg">Fail</span></td>
<td>13:06:41 PM</td>
<td>
<a href="#" class="linked" test-id='1' id='1'>homePageTitleTest</a>
</td>
</tr>
<tr class="tag-test-status" status="fail">
<td><span class="badge log fail-bg">Fail</span></td>
<td>13:07:01 PM</td>
<td>
<a href="#" class="linked" test-id='8' id='8'>homePageTitleTest</a>
</td>
</tr>
</tbody>
</table>
</div>
</li>
<li class="test-item">
<div class="test-detail">
<span class="meta">
<span class='badge log badge-danger'>4</span>
</span>
<p class="name">com.microsoft.playwright.PlaywrightException</p>
<p class="duration text-sm">4 tests</p>
</div>
<div class="test-contents d-none">
<div class="info">
<h4>com.microsoft.playwright.PlaywrightException</h4>
<span status="fail" class='badge log badge-danger'>4 failed</span>
</div>
<table class='table table-sm mt-4'>
<thead>
<tr>
<th class="status-col">Status</th>
<th class="timestamp-col">Timestamp</th>
<th>TestName</th>
</tr>
</thead>
<tbody>
<tr class="tag-test-status" status="fail">
<td><span class="badge log fail-bg">Fail</span></td>
<td>13:06:54 PM</td>
<td>
<a href="#" class="linked" test-id='6' id='6'>loginPageNavigationTest1</a>
</td>
</tr>
<tr class="tag-test-status" status="fail">
<td><span class="badge log fail-bg">Fail</span></td>
<td>13:06:55 PM</td>
<td>
<a href="#" class="linked" test-id='7' id='7'>loginPageNavigationTest2</a>
</td>
</tr>
<tr class="tag-test-status" status="fail">
<td><span class="badge log fail-bg">Fail</span></td>
<td>13:07:24 PM</td>
<td>
<a href="#" class="linked" test-id='13' id='13'>loginPageNavigationTest1</a>
</td>
</tr>
<tr class="tag-test-status" status="fail">
<td><span class="badge log fail-bg">Fail</span></td>
<td>13:07:25 PM</td>
<td>
<a href="#" class="linked" test-id='14' id='14'>loginPageNavigationTest2</a>
</td>
</tr>
</tbody>
</table>
</div>
</li>
</ul>
</div>
</div>
<div class="test-content scrollable">
<div class="test-content-detail">
<div class="detail-body"></div>
</div>
</div>
</div><div class="test-wrapper row view category-view attributes-view">
<div class="test-list">
<div class="test-list-tools">
<ul class="tools pull-left"><li><a href=""><span class="font-size-14">Category</span></a></li></ul>
<ul class="tools text-right"><li><a href="#"><span class="badge badge-primary">2</span></a></li></ul>
</div>
<div class="test-list-wrapper scrollable">
<ul class="test-list-item">
<li class="test-item">
<div class="test-detail">
<span class="meta">
<span class='badge log pass-bg'>6</span>
<span class='badge log badge-danger'>2</span>
</span>
<p class="name">HomePageTest</p>
<p class="duration text-sm">8 tests</p>
</div>
<div class="test-contents d-none">
<div class="info">
<h4>HomePageTest</h4>
<span status="pass" class='badge log pass-bg'>6 passed</span>
<span status="fail" class='badge log badge-danger'>2 failed</span>
</div>
<table class='table table-sm mt-4'>
<thead>
<tr>
<th class="status-col">Status</th>
<th class="timestamp-col">Timestamp</th>
<th>TestName</th>
</tr>
</thead>
<tbody>
<tr class="tag-test-status" status="fail">
<td><span class="badge log fail-bg">Fail</span></td>
<td>13:06:41 PM</td>
<td>
<a href="#" class="linked" test-id='1' id='1'>homePageTitleTest</a>
</td>
</tr>
<tr class="tag-test-status" status="pass">
<td><span class="badge log pass-bg">Pass</span></td>
<td>13:06:42 PM</td>
<td>
<a href="#" class="linked" test-id='2' id='2'>searchText</a>
</td>
</tr>
<tr class="tag-test-status" status="pass">
<td><span class="badge log pass-bg">Pass</span></td>
<td>13:06:43 PM</td>
<td>
<a href="#" class="linked" test-id='3' id='3'>searchText</a>
</td>
</tr>
<tr class="tag-test-status" status="pass">
<td><span class="badge log pass-bg">Pass</span></td>
<td>13:06:44 PM</td>
<td>
<a href="#" class="linked" test-id='4' id='4'>searchText</a>
</td>
</tr>
<tr class="tag-test-status" status="fail">
<td><span class="badge log fail-bg">Fail</span></td>
<td>13:07:01 PM</td>
<td>
<a href="#" class="linked" test-id='8' id='8'>homePageTitleTest</a>
</td>
</tr>
<tr class="tag-test-status" status="pass">
<td><span class="badge log pass-bg">Pass</span></td>
<td>13:07:01 PM</td>
<td>
<a href="#" class="linked" test-id='9' id='9'>searchText</a>
</td>
</tr>
<tr class="tag-test-status" status="pass">
<td><span class="badge log pass-bg">Pass</span></td>
<td>13:07:04 PM</td>
<td>
<a href="#" class="linked" test-id='10' id='10'>searchText</a>
</td>
</tr>
<tr class="tag-test-status" status="pass">
<td><span class="badge log pass-bg">Pass</span></td>
<td>13:07:06 PM</td>
<td>
<a href="#" class="linked" test-id='11' id='11'>searchText</a>
</td>
</tr>
</tbody>
</table>
</div>
</li>
<li class="test-item">
<div class="test-detail">
<span class="meta">
<span class='badge log pass-bg'>2</span>
<span class='badge log badge-danger'>4</span>
</span>
<p class="name">LoginPageTest</p>
<p class="duration text-sm">6 tests</p>
</div>
<div class="test-contents d-none">
<div class="info">
<h4>LoginPageTest</h4>
<span status="pass" class='badge log pass-bg'>2 passed</span>
<span status="fail" class='badge log badge-danger'>4 failed</span>
</div>
<table class='table table-sm mt-4'>
<thead>
<tr>
<th class="status-col">Status</th>
<th class="timestamp-col">Timestamp</th>
<th>TestName</th>
</tr>
</thead>
<tbody>
<tr class="tag-test-status" status="pass">
<td><span class="badge log pass-bg">Pass</span></td>
<td>13:06:53 PM</td>
<td>
<a href="#" class="linked" test-id='5' id='5'>loginPageNavigationTest</a>
</td>
</tr>
<tr class="tag-test-status" status="fail">
<td><span class="badge log fail-bg">Fail</span></td>
<td>13:06:54 PM</td>
<td>
<a href="#" class="linked" test-id='6' id='6'>loginPageNavigationTest1</a>
</td>
</tr>
<tr class="tag-test-status" status="fail">
<td><span class="badge log fail-bg">Fail</span></td>
<td>13:06:55 PM</td>
<td>
<a href="#" class="linked" test-id='7' id='7'>loginPageNavigationTest2</a>
</td>
</tr>
<tr class="tag-test-status" status="pass">
<td><span class="badge log pass-bg">Pass</span></td>
<td>13:07:22 PM</td>
<td>
<a href="#" class="linked" test-id='12' id='12'>loginPageNavigationTest</a>
</td>
</tr>
<tr class="tag-test-status" status="fail">
<td><span class="badge log fail-bg">Fail</span></td>
<td>13:07:24 PM</td>
<td>
<a href="#" class="linked" test-id='13' id='13'>loginPageNavigationTest1</a>
</td>
</tr>
<tr class="tag-test-status" status="fail">
<td><span class="badge log fail-bg">Fail</span></td>
<td>13:07:25 PM</td>
<td>
<a href="#" class="linked" test-id='14' id='14'>loginPageNavigationTest2</a>
</td>
</tr>
</tbody>
</table>
</div>
</li>
</ul>
</div>
</div>
<div class="test-content scrollable">
<div class="test-content-detail">
<div class="detail-body"></div>
</div>
</div>
</div><div class="container-fluid p-4 view dashboard-view">
<div class="row">
<div class="col-md-3">
<div class="card"><div class="card-body">
<p class="m-b-0">Started</p>
<h3>Aug 15, 2025 01:06:22 PM</h3>
</div></div>
</div>
<div class="col-md-3">
<div class="card"><div class="card-body">
<p class="m-b-0">Ended</p>
<h3>Aug 15, 2025 01:07:25 PM</h3>
</div></div>
</div>
<div class="col-md-3">
<div class="card"><div class="card-body">
<p class="m-b-0 text-pass">Tests Passed</p>
<h3>8</h3>
</div></div>
</div>
<div class="col-md-3">
<div class="card"><div class="card-body">
<p class="m-b-0 text-fail">Tests Failed</p>
<h3>6</h3>
</div></div>
</div>
</div>
<div class="row">
<div class="col-md-6">
<div class="card">
<div class="card-header">
<h6 class="card-title">Tests</h6>
</div>
<div class="card-body">
<div class="">
<canvas id='parent-analysis' width='115' height='90'></canvas>
</div>
</div>
<div class="card-footer">
<div><small data-tooltip='57%'>
<b>8</b> tests passed
</small>
</div>
<div>
<small data-tooltip='42%'><b>6</b> tests failed,
<b>0</b> skipped, <b data-tooltip='0%'>0</b> others
</small>
</div>
</div>
</div>
</div>
<div class="col-md-6">
<div class="card">
<div class="card-header">
<h6 class="card-title">Log events</h6>
</div>
<div class="card-body">
<div class="">
<canvas id='events-analysis' width='115' height='90'></canvas>
</div>
</div>
<div class="card-footer">
<div><small data-tooltip='57%'><b>8</b> events passed</small></div>
<div>
<small data-tooltip='42%'><b>6</b> events failed,
<b data-tooltip='%'>0</b> others
</small>
</div>
</div>
</div>
</div>
</div>
<div class="row"><div class="col-md-12">
<div class="card"><div class="card-header"><p>Timeline</p></div>
<div class="card-body pt-0"><div>
<canvas id="timeline" height="120"></canvas>
</div></div>
</div>
</div></div>
<script>
var timeline = {
"homePageTitleTest":0.02,"searchText":0.966,"searchText":1.053,"searchText":0.951,"loginPageNavigationTest":1.023,"loginPageNavigationTest1":0.4,"loginPageNavigationTest2":0.278,"homePageTitleTest":0.008,"searchText":2.334,"searchText":2.351,"searchText":2.355,"loginPageNavigationTest":2.051,"loginPageNavigationTest1":0.266,"loginPageNavigationTest2":0.189
};
</script>
<div class="row">
<div class="col-lg-6 col-md-12 category-container">
<div class="card">
<div class="card-header"><p>Tags</p></div>
<div class="card-body pb-0 pt-0"><table class="table table-sm table-bordered">
<thead><tr class="bg-gray"><th>Name</th><th>Passed</th><th>Failed</th><th>Skipped</th><th>Others</th><th>Passed %</th></tr></thead><tbody>
<tr>
<td>HomePageTest</td>
<td>6</td>
<td>2</td>
<td>0</td>
<td>0</td>
<td>75%</td>
</tr>
<tr>
<td>LoginPageTest</td>
<td>2</td>
<td>4</td>
<td>0</td>
<td>0</td>
<td>33.333%</td>
</tr>
</tbody>
</table></div>
</div>
</div>
<div class="col-lg-6 col-md-12 sysenv-container">
<div class="card">
<div class="card-header"><p>System/Environment</p></div>
<div class="card-body pb-0 pt-0"><table class="table table-sm table-bordered">
<thead><tr class="bg-gray"><th>Name</th><th>Value</th></tr></thead>
<tbody>
<tr>
<td>System</td>
<td>Windows</td>
</tr>
<tr>
<td>Author</td>
<td>Om Shanker Goyal</td>
</tr>
</tbody>
</table></div>
</div>
</div>
</div>
</div>
<script>
var statusGroup = {
parentCount: 5,
passParent: 8,
failParent: 6,
warningParent: 0,
skipParent: 0,
childCount: 5,
passChild: 0,
failChild: 0,
warningChild: 0,
skipChild: 0,
infoChild: 0,
grandChildCount: 5,
passGrandChild: 0,
failGrandChild: 0,
warningGrandChild: 0,
skipGrandChild: 0,
infoGrandChild: 0,
eventsCount: 5,
passEvents: 8,
failEvents: 6,
warningEvents: 0,
skipEvents: 0,
infoEvents: 0
};
</script>        </div>
      </div>
    </div>
  </div>
<script src="https://cdn.jsdelivr.net/gh/extent-framework/extent-github-cdn@d6562a79075e061305ccfdb82f01e5e195e2d307/spark/js/spark-script.js"></script>
<script type="text/javascript"></script></body>
</html>